[ 2017-09-26T07:17:03+08:00 ] ::1 /tp3a/
INFO: [ app_init ] --START--
INFO: Run Behavior\BuildLiteBehavior [ RunTime:0.000052s ]
INFO: [ app_init ] --END-- [ RunTime:0.005211s ]
INFO: [ app_begin ] --START--
INFO: Run Behavior\ReadHtmlCacheBehavior [ RunTime:0.003273s ]
INFO: [ app_begin ] --END-- [ RunTime:0.003503s ]
INFO: [ view_parse ] --START--
INFO: [ template_filter ] --START--
INFO: Run Behavior\ContentReplaceBehavior [ RunTime:0.001842s ]
INFO: [ template_filter ] --END-- [ RunTime:0.002040s ]
INFO: Run Behavior\ParseTemplateBehavior [ RunTime:0.028316s ]
INFO: [ view_parse ] --END-- [ RunTime:0.028541s ]
INFO: [ view_filter ] --START--
INFO: Run Behavior\WriteHtmlCacheBehavior [ RunTime:0.002353s ]
INFO: [ view_filter ] --END-- [ RunTime:0.002529s ]

[ 2017-09-26T07:17:07+08:00 ] ::1 /tp3a/index.php/Home/Login/index.html
INFO: [ app_init ] --START--
INFO: Run Behavior\BuildLiteBehavior [ RunTime:0.000060s ]
INFO: [ app_init ] --END-- [ RunTime:0.002400s ]
INFO: [ app_begin ] --START--
INFO: Run Behavior\ReadHtmlCacheBehavior [ RunTime:0.002612s ]
INFO: [ app_begin ] --END-- [ RunTime:0.002959s ]
INFO: [ view_parse ] --START--
INFO: [ template_filter ] --START--
INFO: Run Behavior\ContentReplaceBehavior [ RunTime:0.000163s ]
INFO: [ template_filter ] --END-- [ RunTime:0.000372s ]
INFO: Run Behavior\ParseTemplateBehavior [ RunTime:0.037300s ]
INFO: [ view_parse ] --END-- [ RunTime:0.037539s ]
INFO: [ view_filter ] --START--
INFO: Run Behavior\WriteHtmlCacheBehavior [ RunTime:0.005542s ]
INFO: [ view_filter ] --END-- [ RunTime:0.005767s ]
INFO: [ app_end ] --START--
INFO: Run Behavior\ShowPageTraceBehavior [ RunTime:0.004172s ]
INFO: [ app_end ] --END-- [ RunTime:0.004370s ]

[ 2017-09-26T07:17:08+08:00 ] ::1 /tp3a/index.php/Home/Login/verify.html
INFO: [ app_init ] --START--
INFO: Run Behavior\BuildLiteBehavior [ RunTime:0.000060s ]
INFO: [ app_init ] --END-- [ RunTime:0.002359s ]
INFO: [ app_begin ] --START--
INFO: Run Behavior\ReadHtmlCacheBehavior [ RunTime:0.005342s ]
INFO: [ app_begin ] --END-- [ RunTime:0.005610s ]
INFO: [ app_end ] --START--
INFO: Run Behavior\ShowPageTraceBehavior [ RunTime:0.003326s ]
INFO: [ app_end ] --END-- [ RunTime:0.003581s ]

[ 2017-09-26T07:18:02+08:00 ] ::1 /tp3a/index.php/Home/Login/loginInfo.html
INFO: [ app_init ] --START--
INFO: Run Behavior\BuildLiteBehavior [ RunTime:0.000433s ]
INFO: [ app_init ] --END-- [ RunTime:0.002957s ]
INFO: [ app_begin ] --START--
INFO: Run Behavior\ReadHtmlCacheBehavior [ RunTime:0.003115s ]
INFO: [ app_begin ] --END-- [ RunTime:0.003402s ]
SQL: SHOW COLUMNS FROM `think_user` [ RunTime:0.0184s ]
SQL: SELECT * FROM `think_user` WHERE `username` = 'aaa' LIMIT 1   [ RunTime:0.0014s ]
NOTIC: [8] Undefined index: lock C:\xampp\htdocs\tp3a\Application\Home\Controller\LoginController.class.php 第 34 行.
SQL: UPDATE `think_user` SET `logintime`='1506381482',`loginip`='0.0.0.0' WHERE `id` = 2 [ RunTime:0.0056s ]

[ 2017-09-26T07:18:02+08:00 ] ::1 /tp3a/index.php/Home/Index/index.html
INFO: [ app_init ] --START--
INFO: Run Behavior\BuildLiteBehavior [ RunTime:0.000055s ]
INFO: [ app_init ] --END-- [ RunTime:0.002015s ]
INFO: [ app_begin ] --START--
INFO: Run Behavior\ReadHtmlCacheBehavior [ RunTime:0.002522s ]
INFO: [ app_begin ] --END-- [ RunTime:0.002738s ]
INFO: [ view_parse ] --START--
INFO: [ template_filter ] --START--
INFO: Run Behavior\ContentReplaceBehavior [ RunTime:0.000158s ]
INFO: [ template_filter ] --END-- [ RunTime:0.000372s ]
INFO: Run Behavior\ParseTemplateBehavior [ RunTime:0.026308s ]
INFO: [ view_parse ] --END-- [ RunTime:0.026538s ]
INFO: [ view_filter ] --START--
INFO: Run Behavior\WriteHtmlCacheBehavior [ RunTime:0.002579s ]
INFO: [ view_filter ] --END-- [ RunTime:0.002758s ]
INFO: [ app_end ] --START--
INFO: Run Behavior\ShowPageTraceBehavior [ RunTime:0.002561s ]
INFO: [ app_end ] --END-- [ RunTime:0.002771s ]

[ 2017-09-26T07:18:04+08:00 ] ::1 /tp3a/index.php/Home/Index/userList.html
INFO: [ app_init ] --START--
INFO: Run Behavior\BuildLiteBehavior [ RunTime:0.000059s ]
INFO: [ app_init ] --END-- [ RunTime:0.002697s ]
INFO: [ app_begin ] --START--
INFO: Run Behavior\ReadHtmlCacheBehavior [ RunTime:0.002571s ]
INFO: [ app_begin ] --END-- [ RunTime:0.002816s ]
SQL: SHOW COLUMNS FROM `think_auth_group_access` [ RunTime:0.0199s ]
SQL: SELECT `uid`,`group_id`,`title`,`rules` FROM think_auth_group_access a INNER JOIN think_auth_group g on a.group_id=g.id  WHERE ( a.uid='2' and g.status='1' )  [ RunTime:0.0024s ]
INFO: [ view_parse ] --START--
INFO: [ template_filter ] --START--
INFO: Run Behavior\ContentReplaceBehavior [ RunTime:0.000140s ]
INFO: [ template_filter ] --END-- [ RunTime:0.000325s ]
INFO: Run Behavior\ParseTemplateBehavior [ RunTime:0.023443s ]
INFO: [ view_parse ] --END-- [ RunTime:0.023659s ]
INFO: [ view_filter ] --START--
INFO: Run Behavior\WriteHtmlCacheBehavior [ RunTime:0.002059s ]
INFO: [ view_filter ] --END-- [ RunTime:0.002230s ]

[ 2017-09-26T07:18:09+08:00 ] ::1 /tp3a/index.php/Home/Login/logout.html
INFO: [ app_init ] --START--
INFO: Run Behavior\BuildLiteBehavior [ RunTime:0.000050s ]
INFO: [ app_init ] --END-- [ RunTime:0.002070s ]
INFO: [ app_begin ] --START--
INFO: Run Behavior\ReadHtmlCacheBehavior [ RunTime:0.002849s ]
INFO: [ app_begin ] --END-- [ RunTime:0.003212s ]
INFO: [ view_parse ] --START--
INFO: [ template_filter ] --START--
INFO: Run Behavior\ContentReplaceBehavior [ RunTime:0.000341s ]
INFO: [ template_filter ] --END-- [ RunTime:0.000568s ]
INFO: Run Behavior\ParseTemplateBehavior [ RunTime:0.025427s ]
INFO: [ view_parse ] --END-- [ RunTime:0.025639s ]
INFO: [ view_filter ] --START--
INFO: Run Behavior\WriteHtmlCacheBehavior [ RunTime:0.002032s ]
INFO: [ view_filter ] --END-- [ RunTime:0.002237s ]
INFO: [ app_end ] --START--
INFO: Run Behavior\ShowPageTraceBehavior [ RunTime:0.005250s ]
INFO: [ app_end ] --END-- [ RunTime:0.005448s ]

[ 2017-09-26T07:18:10+08:00 ] ::1 /tp3a/index.php/Home/Login/index.html
INFO: [ app_init ] --START--
INFO: Run Behavior\BuildLiteBehavior [ RunTime:0.000075s ]
INFO: [ app_init ] --END-- [ RunTime:0.002124s ]
INFO: [ app_begin ] --START--
INFO: Run Behavior\ReadHtmlCacheBehavior [ RunTime:0.002409s ]
INFO: [ app_begin ] --END-- [ RunTime:0.002616s ]
INFO: [ view_parse ] --START--
INFO: [ template_filter ] --START--
INFO: Run Behavior\ContentReplaceBehavior [ RunTime:0.000139s ]
INFO: [ template_filter ] --END-- [ RunTime:0.000329s ]
INFO: Run Behavior\ParseTemplateBehavior [ RunTime:0.024698s ]
INFO: [ view_parse ] --END-- [ RunTime:0.024917s ]
INFO: [ view_filter ] --START--
INFO: Run Behavior\WriteHtmlCacheBehavior [ RunTime:0.002186s ]
INFO: [ view_filter ] --END-- [ RunTime:0.002358s ]
INFO: [ app_end ] --START--
INFO: Run Behavior\ShowPageTraceBehavior [ RunTime:0.002366s ]
INFO: [ app_end ] --END-- [ RunTime:0.002560s ]

[ 2017-09-26T07:18:11+08:00 ] ::1 /tp3a/index.php/Home/Login/verify.html
INFO: [ app_init ] --START--
INFO: Run Behavior\BuildLiteBehavior [ RunTime:0.000055s ]
INFO: [ app_init ] --END-- [ RunTime:0.003739s ]
INFO: [ app_begin ] --START--
INFO: Run Behavior\ReadHtmlCacheBehavior [ RunTime:0.002439s ]
INFO: [ app_begin ] --END-- [ RunTime:0.002652s ]
INFO: [ app_end ] --START--
INFO: Run Behavior\ShowPageTraceBehavior [ RunTime:0.003081s ]
INFO: [ app_end ] --END-- [ RunTime:0.003364s ]

[ 2017-09-26T07:18:45+08:00 ] ::1 /tp3a/index.php/Home/Login/loginInfo.html
INFO: [ app_init ] --START--
INFO: Run Behavior\BuildLiteBehavior [ RunTime:0.000068s ]
INFO: [ app_init ] --END-- [ RunTime:0.002728s ]
INFO: [ app_begin ] --START--
INFO: Run Behavior\ReadHtmlCacheBehavior [ RunTime:0.003137s ]
INFO: [ app_begin ] --END-- [ RunTime:0.003376s ]
SQL: SHOW COLUMNS FROM `think_user` [ RunTime:0.0197s ]
SQL: SELECT * FROM `think_user` WHERE `username` = 'admin' LIMIT 1   [ RunTime:0.0016s ]
NOTIC: [8] Undefined index: lock C:\xampp\htdocs\tp3a\Application\Home\Controller\LoginController.class.php 第 34 行.
SQL: UPDATE `think_user` SET `logintime`='1506381525',`loginip`='0.0.0.0' WHERE `id` = 1 [ RunTime:0.0046s ]

[ 2017-09-26T07:18:45+08:00 ] ::1 /tp3a/index.php/Home/Index/index.html
INFO: [ app_init ] --START--
INFO: Run Behavior\BuildLiteBehavior [ RunTime:0.000051s ]
INFO: [ app_init ] --END-- [ RunTime:0.002092s ]
INFO: [ app_begin ] --START--
INFO: Run Behavior\ReadHtmlCacheBehavior [ RunTime:0.002632s ]
INFO: [ app_begin ] --END-- [ RunTime:0.002906s ]
INFO: [ view_parse ] --START--
INFO: [ template_filter ] --START--
INFO: Run Behavior\ContentReplaceBehavior [ RunTime:0.000121s ]
INFO: [ template_filter ] --END-- [ RunTime:0.000302s ]
INFO: Run Behavior\ParseTemplateBehavior [ RunTime:0.027262s ]
INFO: [ view_parse ] --END-- [ RunTime:0.027500s ]
INFO: [ view_filter ] --START--
INFO: Run Behavior\WriteHtmlCacheBehavior [ RunTime:0.003194s ]
INFO: [ view_filter ] --END-- [ RunTime:0.003369s ]
INFO: [ app_end ] --START--
INFO: Run Behavior\ShowPageTraceBehavior [ RunTime:0.002955s ]
INFO: [ app_end ] --END-- [ RunTime:0.003137s ]

[ 2017-09-26T07:18:47+08:00 ] ::1 /tp3a/index.php/Home/Index/userList.html
INFO: [ app_init ] --START--
INFO: Run Behavior\BuildLiteBehavior [ RunTime:0.000051s ]
INFO: [ app_init ] --END-- [ RunTime:0.002031s ]
INFO: [ app_begin ] --START--
INFO: Run Behavior\ReadHtmlCacheBehavior [ RunTime:0.002857s ]
INFO: [ app_begin ] --END-- [ RunTime:0.003086s ]
SQL: SHOW COLUMNS FROM `think_auth_group_access` [ RunTime:0.0204s ]
SQL: SELECT `uid`,`group_id`,`title`,`rules` FROM think_auth_group_access a INNER JOIN think_auth_group g on a.group_id=g.id  WHERE ( a.uid='1' and g.status='1' )  [ RunTime:0.0018s ]
SQL: SHOW COLUMNS FROM `think_auth_rule` [ RunTime:0.0227s ]
SQL: SELECT `condition`,`name` FROM `think_auth_rule` WHERE `id` IN ('\'1\'') AND `type` = 1 AND `status` = 1  [ RunTime:0.0021s ]
SQL: SHOW COLUMNS FROM `think_user` [ RunTime:0.0199s ]
SQL: SELECT * FROM `think_user`  [ RunTime:0.0015s ]
INFO: [ view_parse ] --START--
INFO: [ template_filter ] --START--
INFO: Run Behavior\ContentReplaceBehavior [ RunTime:0.000122s ]
INFO: [ template_filter ] --END-- [ RunTime:0.000626s ]
INFO: Run Behavior\ParseTemplateBehavior [ RunTime:0.027404s ]
INFO: [ view_parse ] --END-- [ RunTime:0.027624s ]
INFO: [ view_filter ] --START--
INFO: Run Behavior\WriteHtmlCacheBehavior [ RunTime:0.002071s ]
INFO: [ view_filter ] --END-- [ RunTime:0.002249s ]
INFO: [ app_end ] --START--
INFO: Run Behavior\ShowPageTraceBehavior [ RunTime:0.002522s ]
INFO: [ app_end ] --END-- [ RunTime:0.002720s ]

[ 2017-09-26T07:18:52+08:00 ] ::1 /tp3a/index.php/Home/Index/index.html
INFO: [ app_init ] --START--
INFO: Run Behavior\BuildLiteBehavior [ RunTime:0.000058s ]
INFO: [ app_init ] --END-- [ RunTime:0.002121s ]
INFO: [ app_begin ] --START--
INFO: Run Behavior\ReadHtmlCacheBehavior [ RunTime:0.002557s ]
INFO: [ app_begin ] --END-- [ RunTime:0.002772s ]
INFO: [ view_parse ] --START--
INFO: [ template_filter ] --START--
INFO: Run Behavior\ContentReplaceBehavior [ RunTime:0.000123s ]
INFO: [ template_filter ] --END-- [ RunTime:0.000312s ]
INFO: Run Behavior\ParseTemplateBehavior [ RunTime:0.027120s ]
INFO: [ view_parse ] --END-- [ RunTime:0.027500s ]
INFO: [ view_filter ] --START--
INFO: Run Behavior\WriteHtmlCacheBehavior [ RunTime:0.003401s ]
INFO: [ view_filter ] --END-- [ RunTime:0.003582s ]
INFO: [ app_end ] --START--
INFO: Run Behavior\ShowPageTraceBehavior [ RunTime:0.003101s ]
INFO: [ app_end ] --END-- [ RunTime:0.003298s ]

[ 2017-09-26T07:18:53+08:00 ] ::1 /tp3a/index.php/Home/Login/logout.html
INFO: [ app_init ] --START--
INFO: Run Behavior\BuildLiteBehavior [ RunTime:0.000058s ]
INFO: [ app_init ] --END-- [ RunTime:0.002315s ]
INFO: [ app_begin ] --START--
INFO: Run Behavior\ReadHtmlCacheBehavior [ RunTime:0.002873s ]
INFO: [ app_begin ] --END-- [ RunTime:0.003107s ]
INFO: [ view_parse ] --START--
INFO: [ template_filter ] --START--
INFO: Run Behavior\ContentReplaceBehavior [ RunTime:0.000123s ]
INFO: [ template_filter ] --END-- [ RunTime:0.000310s ]
INFO: Run Behavior\ParseTemplateBehavior [ RunTime:0.034837s ]
INFO: [ view_parse ] --END-- [ RunTime:0.035055s ]
INFO: [ view_filter ] --START--
INFO: Run Behavior\WriteHtmlCacheBehavior [ RunTime:0.002225s ]
INFO: [ view_filter ] --END-- [ RunTime:0.002409s ]
INFO: [ app_end ] --START--
INFO: Run Behavior\ShowPageTraceBehavior [ RunTime:0.004638s ]
INFO: [ app_end ] --END-- [ RunTime:0.005381s ]

[ 2017-09-26T07:18:54+08:00 ] ::1 /tp3a/index.php/Home/Login/index.html
INFO: [ app_init ] --START--
INFO: Run Behavior\BuildLiteBehavior [ RunTime:0.000074s ]
INFO: [ app_init ] --END-- [ RunTime:0.002026s ]
INFO: [ app_begin ] --START--
INFO: Run Behavior\ReadHtmlCacheBehavior [ RunTime:0.002369s ]
INFO: [ app_begin ] --END-- [ RunTime:0.002579s ]
INFO: [ view_parse ] --START--
INFO: [ template_filter ] --START--
INFO: Run Behavior\ContentReplaceBehavior [ RunTime:0.000136s ]
INFO: [ template_filter ] --END-- [ RunTime:0.000318s ]
INFO: Run Behavior\ParseTemplateBehavior [ RunTime:0.024874s ]
INFO: [ view_parse ] --END-- [ RunTime:0.025088s ]
INFO: [ view_filter ] --START--
INFO: Run Behavior\WriteHtmlCacheBehavior [ RunTime:0.001748s ]
INFO: [ view_filter ] --END-- [ RunTime:0.001913s ]
INFO: [ app_end ] --START--
INFO: Run Behavior\ShowPageTraceBehavior [ RunTime:0.002283s ]
INFO: [ app_end ] --END-- [ RunTime:0.002474s ]

[ 2017-09-26T07:18:55+08:00 ] ::1 /tp3a/index.php/Home/Login/verify.html
INFO: [ app_init ] --START--
INFO: Run Behavior\BuildLiteBehavior [ RunTime:0.000051s ]
INFO: [ app_init ] --END-- [ RunTime:0.002146s ]
INFO: [ app_begin ] --START--
INFO: Run Behavior\ReadHtmlCacheBehavior [ RunTime:0.002397s ]
INFO: [ app_begin ] --END-- [ RunTime:0.002649s ]
INFO: [ app_end ] --START--
INFO: Run Behavior\ShowPageTraceBehavior [ RunTime:0.002760s ]
INFO: [ app_end ] --END-- [ RunTime:0.003023s ]

[ 2017-09-26T20:31:27+08:00 ] ::1 /tp3a/
INFO: [ app_init ] --START--
INFO: Run Behavior\BuildLiteBehavior [ RunTime:0.000052s ]
INFO: [ app_init ] --END-- [ RunTime:0.005863s ]
INFO: [ app_begin ] --START--
INFO: Run Behavior\ReadHtmlCacheBehavior [ RunTime:0.004753s ]
INFO: [ app_begin ] --END-- [ RunTime:0.004976s ]
INFO: [ view_parse ] --START--
INFO: [ template_filter ] --START--
INFO: Run Behavior\ContentReplaceBehavior [ RunTime:0.002263s ]
INFO: [ template_filter ] --END-- [ RunTime:0.002505s ]
INFO: Run Behavior\ParseTemplateBehavior [ RunTime:0.043945s ]
INFO: [ view_parse ] --END-- [ RunTime:0.044673s ]
INFO: [ view_filter ] --START--
INFO: Run Behavior\WriteHtmlCacheBehavior [ RunTime:0.004524s ]
INFO: [ view_filter ] --END-- [ RunTime:0.004732s ]

[ 2017-09-26T20:31:32+08:00 ] ::1 /tp3a/index.php/Home/Login/index.html
INFO: [ app_init ] --START--
INFO: Run Behavior\BuildLiteBehavior [ RunTime:0.000056s ]
INFO: [ app_init ] --END-- [ RunTime:0.002275s ]
INFO: [ app_begin ] --START--
INFO: Run Behavior\ReadHtmlCacheBehavior [ RunTime:0.004256s ]
INFO: [ app_begin ] --END-- [ RunTime:0.004519s ]
INFO: [ view_parse ] --START--
INFO: [ template_filter ] --START--
INFO: Run Behavior\ContentReplaceBehavior [ RunTime:0.000140s ]
INFO: [ template_filter ] --END-- [ RunTime:0.000330s ]
INFO: Run Behavior\ParseTemplateBehavior [ RunTime:0.045838s ]
INFO: [ view_parse ] --END-- [ RunTime:0.046120s ]
INFO: [ view_filter ] --START--
INFO: Run Behavior\WriteHtmlCacheBehavior [ RunTime:0.002646s ]
INFO: [ view_filter ] --END-- [ RunTime:0.002832s ]
INFO: [ app_end ] --START--
INFO: Run Behavior\ShowPageTraceBehavior [ RunTime:0.006405s ]
INFO: [ app_end ] --END-- [ RunTime:0.006598s ]

[ 2017-09-26T20:31:32+08:00 ] ::1 /tp3a/index.php/Home/Login/verify.html
INFO: [ app_init ] --START--
INFO: Run Behavior\BuildLiteBehavior [ RunTime:0.000061s ]
INFO: [ app_init ] --END-- [ RunTime:0.002861s ]
INFO: [ app_begin ] --START--
INFO: Run Behavior\ReadHtmlCacheBehavior [ RunTime:0.002953s ]
INFO: [ app_begin ] --END-- [ RunTime:0.003874s ]
INFO: [ app_end ] --START--
INFO: Run Behavior\ShowPageTraceBehavior [ RunTime:0.003433s ]
INFO: [ app_end ] --END-- [ RunTime:0.003696s ]

[ 2017-09-26T20:32:13+08:00 ] ::1 /tp3a/index.php/Home/Login/loginInfo.html
INFO: [ app_init ] --START--
INFO: Run Behavior\BuildLiteBehavior [ RunTime:0.000055s ]
INFO: [ app_init ] --END-- [ RunTime:0.002556s ]
INFO: [ app_begin ] --START--
INFO: Run Behavior\ReadHtmlCacheBehavior [ RunTime:0.002836s ]
INFO: [ app_begin ] --END-- [ RunTime:0.003098s ]
SQL: SHOW COLUMNS FROM `think_user` [ RunTime:0.0268s ]
SQL: SELECT * FROM `think_user` WHERE `username` = 'admin' LIMIT 1   [ RunTime:0.0027s ]
NOTIC: [8] Undefined index: lock C:\xampp\htdocs\tp3a\Application\Home\Controller\LoginController.class.php 第 34 行.
SQL: UPDATE `think_user` SET `logintime`='1506429133',`loginip`='0.0.0.0' WHERE `id` = 1 [ RunTime:0.0047s ]

[ 2017-09-26T20:32:13+08:00 ] ::1 /tp3a/index.php/Home/Index/index.html
INFO: [ app_init ] --START--
INFO: Run Behavior\BuildLiteBehavior [ RunTime:0.000049s ]
INFO: [ app_init ] --END-- [ RunTime:0.001874s ]
INFO: [ app_begin ] --START--
INFO: Run Behavior\ReadHtmlCacheBehavior [ RunTime:0.002321s ]
INFO: [ app_begin ] --END-- [ RunTime:0.002540s ]
INFO: [ view_parse ] --START--
INFO: [ template_filter ] --START--
INFO: Run Behavior\ContentReplaceBehavior [ RunTime:0.000105s ]
INFO: [ template_filter ] --END-- [ RunTime:0.000295s ]
INFO: Run Behavior\ParseTemplateBehavior [ RunTime:0.023134s ]
INFO: [ view_parse ] --END-- [ RunTime:0.023338s ]
INFO: [ view_filter ] --START--
INFO: Run Behavior\WriteHtmlCacheBehavior [ RunTime:0.001903s ]
INFO: [ view_filter ] --END-- [ RunTime:0.002078s ]
INFO: [ app_end ] --START--
INFO: Run Behavior\ShowPageTraceBehavior [ RunTime:0.002311s ]
INFO: [ app_end ] --END-- [ RunTime:0.002489s ]

[ 2017-09-26T20:32:15+08:00 ] ::1 /tp3a/index.php/Home/Index/userList.html
INFO: [ app_init ] --START--
INFO: Run Behavior\BuildLiteBehavior [ RunTime:0.000055s ]
INFO: [ app_init ] --END-- [ RunTime:0.002583s ]
INFO: [ app_begin ] --START--
INFO: Run Behavior\ReadHtmlCacheBehavior [ RunTime:0.002397s ]
INFO: [ app_begin ] --END-- [ RunTime:0.002723s ]
SQL: SHOW COLUMNS FROM `think_auth_group_access` [ RunTime:0.0297s ]
SQL: SELECT `uid`,`group_id`,`title`,`rules` FROM think_auth_group_access a INNER JOIN think_auth_group g on a.group_id=g.id  WHERE ( a.uid='1' and g.status='1' )  [ RunTime:0.0390s ]
SQL: SHOW COLUMNS FROM `think_auth_rule` [ RunTime:0.0428s ]
SQL: SELECT `condition`,`name` FROM `think_auth_rule` WHERE `id` IN ('\'1','2\'') AND `type` = 1 AND `status` = 1  [ RunTime:0.0019s ]
SQL: SHOW COLUMNS FROM `think_user` [ RunTime:0.0166s ]
SQL: SELECT * FROM `think_user`  [ RunTime:0.0017s ]
INFO: [ view_parse ] --START--
INFO: [ template_filter ] --START--
INFO: Run Behavior\ContentReplaceBehavior [ RunTime:0.000121s ]
INFO: [ template_filter ] --END-- [ RunTime:0.000366s ]
INFO: Run Behavior\ParseTemplateBehavior [ RunTime:0.027637s ]
INFO: [ view_parse ] --END-- [ RunTime:0.027885s ]
INFO: [ view_filter ] --START--
INFO: Run Behavior\WriteHtmlCacheBehavior [ RunTime:0.002058s ]
INFO: [ view_filter ] --END-- [ RunTime:0.002250s ]
INFO: [ app_end ] --START--
INFO: Run Behavior\ShowPageTraceBehavior [ RunTime:0.002670s ]
INFO: [ app_end ] --END-- [ RunTime:0.002878s ]

[ 2017-09-26T20:32:18+08:00 ] ::1 /tp3a/index.php/Home/Index/index.html
INFO: [ app_init ] --START--
INFO: Run Behavior\BuildLiteBehavior [ RunTime:0.000051s ]
INFO: [ app_init ] --END-- [ RunTime:0.001852s ]
INFO: [ app_begin ] --START--
INFO: Run Behavior\ReadHtmlCacheBehavior [ RunTime:0.002978s ]
INFO: [ app_begin ] --END-- [ RunTime:0.003233s ]
INFO: [ view_parse ] --START--
INFO: [ template_filter ] --START--
INFO: Run Behavior\ContentReplaceBehavior [ RunTime:0.000116s ]
INFO: [ template_filter ] --END-- [ RunTime:0.000318s ]
INFO: Run Behavior\ParseTemplateBehavior [ RunTime:0.024572s ]
INFO: [ view_parse ] --END-- [ RunTime:0.024788s ]
INFO: [ view_filter ] --START--
INFO: Run Behavior\WriteHtmlCacheBehavior [ RunTime:0.002033s ]
INFO: [ view_filter ] --END-- [ RunTime:0.002212s ]
INFO: [ app_end ] --START--
INFO: Run Behavior\ShowPageTraceBehavior [ RunTime:0.006785s ]
INFO: [ app_end ] --END-- [ RunTime:0.006981s ]

[ 2017-09-26T20:32:30+08:00 ] ::1 /tp3a/index.php/Home/Index/userList.html
INFO: [ app_init ] --START--
INFO: Run Behavior\BuildLiteBehavior [ RunTime:0.000055s ]
INFO: [ app_init ] --END-- [ RunTime:0.004905s ]
INFO: [ app_begin ] --START--
INFO: Run Behavior\ReadHtmlCacheBehavior [ RunTime:0.003332s ]
INFO: [ app_begin ] --END-- [ RunTime:0.003698s ]
SQL: SHOW COLUMNS FROM `think_auth_group_access` [ RunTime:0.0181s ]
SQL: SELECT `uid`,`group_id`,`title`,`rules` FROM think_auth_group_access a INNER JOIN think_auth_group g on a.group_id=g.id  WHERE ( a.uid='1' and g.status='1' )  [ RunTime:0.0014s ]
SQL: SHOW COLUMNS FROM `think_auth_rule` [ RunTime:0.0164s ]
SQL: SELECT `condition`,`name` FROM `think_auth_rule` WHERE `id` IN ('\'1','2\'') AND `type` = 1 AND `status` = 1  [ RunTime:0.0016s ]
SQL: SHOW COLUMNS FROM `think_user` [ RunTime:0.0167s ]
SQL: SELECT * FROM `think_user`  [ RunTime:0.0015s ]
INFO: [ view_parse ] --START--
INFO: [ template_filter ] --START--
INFO: Run Behavior\ContentReplaceBehavior [ RunTime:0.000115s ]
INFO: [ template_filter ] --END-- [ RunTime:0.000349s ]
INFO: Run Behavior\ParseTemplateBehavior [ RunTime:0.024852s ]
INFO: [ view_parse ] --END-- [ RunTime:0.025085s ]
INFO: [ view_filter ] --START--
INFO: Run Behavior\WriteHtmlCacheBehavior [ RunTime:0.002020s ]
INFO: [ view_filter ] --END-- [ RunTime:0.002198s ]
INFO: [ app_end ] --START--
INFO: Run Behavior\ShowPageTraceBehavior [ RunTime:0.002565s ]
INFO: [ app_end ] --END-- [ RunTime:0.002745s ]

[ 2017-09-26T20:32:32+08:00 ] ::1 /tp3a/index.php/Home/AuthInfo/addUser.html
INFO: [ app_init ] --START--
INFO: Run Behavior\BuildLiteBehavior [ RunTime:0.000053s ]
INFO: [ app_init ] --END-- [ RunTime:0.001923s ]
INFO: [ app_begin ] --START--
INFO: Run Behavior\ReadHtmlCacheBehavior [ RunTime:0.003503s ]
INFO: [ app_begin ] --END-- [ RunTime:0.003786s ]

[ 2017-09-26T20:33:47+08:00 ] ::1 /tp3a/index.php/Home/AuthInfo/addUser.html
INFO: [ app_init ] --START--
INFO: Run Behavior\BuildLiteBehavior [ RunTime:0.000059s ]
INFO: [ app_init ] --END-- [ RunTime:0.004077s ]
INFO: [ app_begin ] --START--
INFO: Run Behavior\ReadHtmlCacheBehavior [ RunTime:0.003163s ]
INFO: [ app_begin ] --END-- [ RunTime:0.003412s ]

[ 2017-09-26T20:35:19+08:00 ] ::1 /tp3a/index.php/Home/AuthInfo/addUser.html
INFO: [ app_init ] --START--
INFO: Run Behavior\BuildLiteBehavior [ RunTime:0.000054s ]
INFO: [ app_init ] --END-- [ RunTime:0.002657s ]
INFO: [ app_begin ] --START--
INFO: Run Behavior\ReadHtmlCacheBehavior [ RunTime:0.003916s ]
INFO: [ app_begin ] --END-- [ RunTime:0.004142s ]
SQL: SHOW COLUMNS FROM `think_auth_group` [ RunTime:0.0188s ]
SQL: SELECT `id`,`title` FROM `think_auth_group`  [ RunTime:0.0013s ]

[ 2017-09-26T20:36:09+08:00 ] ::1 /tp3a/index.php/Home/AuthInfo/addUser.html
INFO: [ app_init ] --START--
INFO: Run Behavior\BuildLiteBehavior [ RunTime:0.000052s ]
INFO: [ app_init ] --END-- [ RunTime:0.005066s ]
INFO: [ app_begin ] --START--
INFO: Run Behavior\ReadHtmlCacheBehavior [ RunTime:0.003161s ]
INFO: [ app_begin ] --END-- [ RunTime:0.003372s ]
SQL: SHOW COLUMNS FROM `think_auth_group` [ RunTime:0.0204s ]
SQL: SELECT `id`,`title` FROM `think_auth_group`  [ RunTime:0.0012s ]
INFO: [ view_parse ] --START--
INFO: [ template_filter ] --START--
INFO: Run Behavior\ContentReplaceBehavior [ RunTime:0.000119s ]
INFO: [ template_filter ] --END-- [ RunTime:0.000318s ]
INFO: Run Behavior\ParseTemplateBehavior [ RunTime:0.028066s ]
INFO: [ view_parse ] --END-- [ RunTime:0.028323s ]
INFO: [ view_filter ] --START--
INFO: Run Behavior\WriteHtmlCacheBehavior [ RunTime:0.002672s ]
INFO: [ view_filter ] --END-- [ RunTime:0.002850s ]
INFO: [ app_end ] --START--
INFO: Run Behavior\ShowPageTraceBehavior [ RunTime:0.002897s ]
INFO: [ app_end ] --END-- [ RunTime:0.003082s ]

[ 2017-09-26T20:38:13+08:00 ] ::1 /tp3a/index.php/Home/AuthInfo/addUser.html
INFO: [ app_init ] --START--
INFO: Run Behavior\BuildLiteBehavior [ RunTime:0.000063s ]
INFO: [ app_init ] --END-- [ RunTime:0.003918s ]
INFO: [ app_begin ] --START--
INFO: Run Behavior\ReadHtmlCacheBehavior [ RunTime:0.003296s ]
INFO: [ app_begin ] --END-- [ RunTime:0.003519s ]
SQL: SHOW COLUMNS FROM `think_auth_group` [ RunTime:0.0204s ]
SQL: SELECT `id`,`title` FROM `think_auth_group`  [ RunTime:0.0021s ]
INFO: [ view_parse ] --START--
INFO: [ template_filter ] --START--
INFO: Run Behavior\ContentReplaceBehavior [ RunTime:0.000116s ]
INFO: [ template_filter ] --END-- [ RunTime:0.000301s ]
INFO: Run Behavior\ParseTemplateBehavior [ RunTime:0.025818s ]
INFO: [ view_parse ] --END-- [ RunTime:0.026046s ]
INFO: [ view_filter ] --START--
INFO: Run Behavior\WriteHtmlCacheBehavior [ RunTime:0.002289s ]
INFO: [ view_filter ] --END-- [ RunTime:0.002487s ]
INFO: [ app_end ] --START--
INFO: Run Behavior\ShowPageTraceBehavior [ RunTime:0.003236s ]
INFO: [ app_end ] --END-- [ RunTime:0.003441s ]

[ 2017-09-26T20:38:23+08:00 ] ::1 /tp3a/index.php/Home/AuthInfo/addUser.html
INFO: [ app_init ] --START--
INFO: Run Behavior\BuildLiteBehavior [ RunTime:0.000052s ]
INFO: [ app_init ] --END-- [ RunTime:0.002165s ]
INFO: [ app_begin ] --START--
INFO: Run Behavior\ReadHtmlCacheBehavior [ RunTime:0.005438s ]
INFO: [ app_begin ] --END-- [ RunTime:0.005693s ]
SQL: SHOW COLUMNS FROM `think_auth_group` [ RunTime:0.0229s ]
SQL: SELECT `id`,`title` FROM `think_auth_group`  [ RunTime:0.0035s ]
INFO: [ view_parse ] --START--
INFO: [ template_filter ] --START--
INFO: Run Behavior\ContentReplaceBehavior [ RunTime:0.000123s ]
INFO: [ template_filter ] --END-- [ RunTime:0.000337s ]
INFO: Run Behavior\ParseTemplateBehavior [ RunTime:0.036376s ]
INFO: [ view_parse ] --END-- [ RunTime:0.036681s ]
INFO: [ view_filter ] --START--
INFO: Run Behavior\WriteHtmlCacheBehavior [ RunTime:0.002643s ]
INFO: [ view_filter ] --END-- [ RunTime:0.002827s ]
INFO: [ app_end ] --START--
INFO: Run Behavior\ShowPageTraceBehavior [ RunTime:0.004854s ]
INFO: [ app_end ] --END-- [ RunTime:0.005322s ]

[ 2017-09-26T20:39:18+08:00 ] ::1 /tp3a/index.php/Home/Index/index.html
INFO: [ app_init ] --START--
INFO: Run Behavior\BuildLiteBehavior [ RunTime:0.000064s ]
INFO: [ app_init ] --END-- [ RunTime:0.002946s ]
INFO: [ app_begin ] --START--
INFO: Run Behavior\ReadHtmlCacheBehavior [ RunTime:0.002858s ]
INFO: [ app_begin ] --END-- [ RunTime:0.003136s ]
INFO: [ view_parse ] --START--
INFO: [ template_filter ] --START--
INFO: Run Behavior\ContentReplaceBehavior [ RunTime:0.000133s ]
INFO: [ template_filter ] --END-- [ RunTime:0.000335s ]
INFO: Run Behavior\ParseTemplateBehavior [ RunTime:0.040415s ]
INFO: [ view_parse ] --END-- [ RunTime:0.040661s ]
INFO: [ view_filter ] --START--
INFO: Run Behavior\WriteHtmlCacheBehavior [ RunTime:0.002804s ]
INFO: [ view_filter ] --END-- [ RunTime:0.002985s ]
INFO: [ app_end ] --START--
INFO: Run Behavior\ShowPageTraceBehavior [ RunTime:0.002574s ]
INFO: [ app_end ] --END-- [ RunTime:0.002772s ]

[ 2017-09-26T20:39:20+08:00 ] ::1 /tp3a/index.php/Home/Index/userList.html
INFO: [ app_init ] --START--
INFO: Run Behavior\BuildLiteBehavior [ RunTime:0.000052s ]
INFO: [ app_init ] --END-- [ RunTime:0.002404s ]
INFO: [ app_begin ] --START--
INFO: Run Behavior\ReadHtmlCacheBehavior [ RunTime:0.003144s ]
INFO: [ app_begin ] --END-- [ RunTime:0.003439s ]
SQL: SHOW COLUMNS FROM `think_auth_group_access` [ RunTime:0.0212s ]
SQL: SELECT `uid`,`group_id`,`title`,`rules` FROM think_auth_group_access a INNER JOIN think_auth_group g on a.group_id=g.id  WHERE ( a.uid='1' and g.status='1' )  [ RunTime:0.0022s ]
SQL: SHOW COLUMNS FROM `think_auth_rule` [ RunTime:0.0190s ]
SQL: SELECT `condition`,`name` FROM `think_auth_rule` WHERE `id` IN ('\'1','2\'') AND `type` = 1 AND `status` = 1  [ RunTime:0.0016s ]
SQL: SHOW COLUMNS FROM `think_user` [ RunTime:0.0213s ]
SQL: SELECT * FROM `think_user`  [ RunTime:0.0014s ]
INFO: [ view_parse ] --START--
INFO: [ template_filter ] --START--
INFO: Run Behavior\ContentReplaceBehavior [ RunTime:0.000113s ]
INFO: [ template_filter ] --END-- [ RunTime:0.000337s ]
INFO: Run Behavior\ParseTemplateBehavior [ RunTime:0.025859s ]
INFO: [ view_parse ] --END-- [ RunTime:0.026084s ]
INFO: [ view_filter ] --START--
INFO: Run Behavior\WriteHtmlCacheBehavior [ RunTime:0.001925s ]
INFO: [ view_filter ] --END-- [ RunTime:0.002100s ]
INFO: [ app_end ] --START--
INFO: Run Behavior\ShowPageTraceBehavior [ RunTime:0.002341s ]
INFO: [ app_end ] --END-- [ RunTime:0.002533s ]

[ 2017-09-26T20:39:21+08:00 ] ::1 /tp3a/index.php/Home/AuthInfo/addUser.html
INFO: [ app_init ] --START--
INFO: Run Behavior\BuildLiteBehavior [ RunTime:0.000085s ]
INFO: [ app_init ] --END-- [ RunTime:0.003087s ]
INFO: [ app_begin ] --START--
INFO: Run Behavior\ReadHtmlCacheBehavior [ RunTime:0.002583s ]
INFO: [ app_begin ] --END-- [ RunTime:0.002809s ]
SQL: SHOW COLUMNS FROM `think_auth_group` [ RunTime:0.0201s ]
SQL: SELECT `id`,`title` FROM `think_auth_group`  [ RunTime:0.0015s ]
INFO: [ view_parse ] --START--
INFO: [ template_filter ] --START--
INFO: Run Behavior\ContentReplaceBehavior [ RunTime:0.000128s ]
INFO: [ template_filter ] --END-- [ RunTime:0.000368s ]
INFO: Run Behavior\ParseTemplateBehavior [ RunTime:0.024838s ]
INFO: [ view_parse ] --END-- [ RunTime:0.025152s ]
INFO: [ view_filter ] --START--
INFO: Run Behavior\WriteHtmlCacheBehavior [ RunTime:0.002441s ]
INFO: [ view_filter ] --END-- [ RunTime:0.002680s ]
INFO: [ app_end ] --START--
INFO: Run Behavior\ShowPageTraceBehavior [ RunTime:0.002945s ]
INFO: [ app_end ] --END-- [ RunTime:0.003145s ]

[ 2017-09-26T20:53:00+08:00 ] ::1 /tp3a/index.php/Home/AuthInfo/addUser.html
INFO: [ app_init ] --START--
INFO: Run Behavior\BuildLiteBehavior [ RunTime:0.000050s ]
INFO: [ app_init ] --END-- [ RunTime:0.002191s ]
INFO: [ app_begin ] --START--
INFO: Run Behavior\ReadHtmlCacheBehavior [ RunTime:0.004661s ]
INFO: [ app_begin ] --END-- [ RunTime:0.004892s ]
SQL: SHOW COLUMNS FROM `think_auth_group` [ RunTime:0.0193s ]
SQL: SELECT `id`,`title` FROM `think_auth_group`  [ RunTime:0.0026s ]
INFO: [ view_parse ] --START--
INFO: [ template_filter ] --START--
INFO: Run Behavior\ContentReplaceBehavior [ RunTime:0.000123s ]
INFO: [ template_filter ] --END-- [ RunTime:0.000309s ]
INFO: Run Behavior\ParseTemplateBehavior [ RunTime:0.032860s ]
INFO: [ view_parse ] --END-- [ RunTime:0.033172s ]
INFO: [ view_filter ] --START--
INFO: Run Behavior\WriteHtmlCacheBehavior [ RunTime:0.002378s ]
INFO: [ view_filter ] --END-- [ RunTime:0.002556s ]
INFO: [ app_end ] --START--
INFO: Run Behavior\ShowPageTraceBehavior [ RunTime:0.007253s ]
INFO: [ app_end ] --END-- [ RunTime:0.007452s ]

[ 2017-09-26T20:55:03+08:00 ] ::1 /tp3a/index.php/Home/AuthInfo/addUser.html
INFO: [ app_init ] --START--
INFO: Run Behavior\BuildLiteBehavior [ RunTime:0.000060s ]
INFO: [ app_init ] --END-- [ RunTime:0.003592s ]
INFO: [ app_begin ] --START--
INFO: Run Behavior\ReadHtmlCacheBehavior [ RunTime:0.003441s ]
INFO: [ app_begin ] --END-- [ RunTime:0.003653s ]
SQL: SHOW COLUMNS FROM `think_auth_group` [ RunTime:0.0228s ]
SQL: SELECT `id`,`title` FROM `think_auth_group`  [ RunTime:0.0015s ]
INFO: [ view_parse ] --START--
INFO: [ template_filter ] --START--
INFO: Run Behavior\ContentReplaceBehavior [ RunTime:0.000155s ]
INFO: [ template_filter ] --END-- [ RunTime:0.000578s ]
INFO: Run Behavior\ParseTemplateBehavior [ RunTime:0.030104s ]
INFO: [ view_parse ] --END-- [ RunTime:0.030348s ]
INFO: [ view_filter ] --START--
INFO: Run Behavior\WriteHtmlCacheBehavior [ RunTime:0.002400s ]
INFO: [ view_filter ] --END-- [ RunTime:0.002606s ]
INFO: [ app_end ] --START--
INFO: Run Behavior\ShowPageTraceBehavior [ RunTime:0.003427s ]
INFO: [ app_end ] --END-- [ RunTime:0.003616s ]

[ 2017-09-26T20:55:31+08:00 ] ::1 /tp3a/index.php/Home/AuthInfo/addUser.html
INFO: [ app_init ] --START--
INFO: Run Behavior\BuildLiteBehavior [ RunTime:0.000082s ]
INFO: [ app_init ] --END-- [ RunTime:0.003020s ]
INFO: [ app_begin ] --START--
INFO: Run Behavior\ReadHtmlCacheBehavior [ RunTime:0.002640s ]
INFO: [ app_begin ] --END-- [ RunTime:0.002885s ]
INFO: [ view_parse ] --START--
INFO: [ template_filter ] --START--
INFO: Run Behavior\ContentReplaceBehavior [ RunTime:0.000158s ]
INFO: [ template_filter ] --END-- [ RunTime:0.000374s ]
INFO: Run Behavior\ParseTemplateBehavior [ RunTime:0.037260s ]
INFO: [ view_parse ] --END-- [ RunTime:0.037489s ]
INFO: [ view_filter ] --START--
INFO: Run Behavior\WriteHtmlCacheBehavior [ RunTime:0.002184s ]
INFO: [ view_filter ] --END-- [ RunTime:0.002366s ]

[ 2017-09-26T20:55:35+08:00 ] ::1 /tp3a/index.php/Home/AuthInfo/addUser.html
INFO: [ app_init ] --START--
INFO: Run Behavior\BuildLiteBehavior [ RunTime:0.000071s ]
INFO: [ app_init ] --END-- [ RunTime:0.001939s ]
INFO: [ app_begin ] --START--
INFO: Run Behavior\ReadHtmlCacheBehavior [ RunTime:0.002654s ]
INFO: [ app_begin ] --END-- [ RunTime:0.002888s ]
SQL: SHOW COLUMNS FROM `think_auth_group` [ RunTime:0.0165s ]
SQL: SELECT `id`,`title` FROM `think_auth_group`  [ RunTime:0.0012s ]
INFO: [ view_parse ] --START--
INFO: [ template_filter ] --START--
INFO: Run Behavior\ContentReplaceBehavior [ RunTime:0.000120s ]
INFO: [ template_filter ] --END-- [ RunTime:0.000303s ]
INFO: Run Behavior\ParseTemplateBehavior [ RunTime:0.024627s ]
INFO: [ view_parse ] --END-- [ RunTime:0.024846s ]
INFO: [ view_filter ] --START--
INFO: Run Behavior\WriteHtmlCacheBehavior [ RunTime:0.001924s ]
INFO: [ view_filter ] --END-- [ RunTime:0.002123s ]
INFO: [ app_end ] --START--
INFO: Run Behavior\ShowPageTraceBehavior [ RunTime:0.002478s ]
INFO: [ app_end ] --END-- [ RunTime:0.002683s ]

[ 2017-09-26T20:58:40+08:00 ] ::1 /tp3a/index.php/Home/AuthInfo/addUser.html
INFO: [ app_init ] --START--
INFO: Run Behavior\BuildLiteBehavior [ RunTime:0.000053s ]
INFO: [ app_init ] --END-- [ RunTime:0.002753s ]
INFO: [ app_begin ] --START--
INFO: Run Behavior\ReadHtmlCacheBehavior [ RunTime:0.003339s ]
INFO: [ app_begin ] --END-- [ RunTime:0.003582s ]
SQL: SHOW COLUMNS FROM `think_auth_group` [ RunTime:0.0169s ]
SQL: SELECT `id`,`title` FROM `think_auth_group`  [ RunTime:0.0014s ]
INFO: [ view_parse ] --START--
INFO: [ template_filter ] --START--
INFO: Run Behavior\ContentReplaceBehavior [ RunTime:0.000126s ]
INFO: [ template_filter ] --END-- [ RunTime:0.000308s ]
INFO: Run Behavior\ParseTemplateBehavior [ RunTime:0.030998s ]
INFO: [ view_parse ] --END-- [ RunTime:0.031218s ]
INFO: [ view_filter ] --START--
INFO: Run Behavior\WriteHtmlCacheBehavior [ RunTime:0.002463s ]
INFO: [ view_filter ] --END-- [ RunTime:0.002643s ]
INFO: [ app_end ] --START--
INFO: Run Behavior\ShowPageTraceBehavior [ RunTime:0.002965s ]
INFO: [ app_end ] --END-- [ RunTime:0.003154s ]

[ 2017-09-26T20:59:07+08:00 ] ::1 /tp3a/index.php/Home/AuthInfo/addUser.html
INFO: [ app_init ] --START--
INFO: Run Behavior\BuildLiteBehavior [ RunTime:0.000056s ]
INFO: [ app_init ] --END-- [ RunTime:0.002413s ]
INFO: [ app_begin ] --START--
INFO: Run Behavior\ReadHtmlCacheBehavior [ RunTime:0.003331s ]
INFO: [ app_begin ] --END-- [ RunTime:0.003601s ]
INFO: [ view_parse ] --START--
INFO: [ template_filter ] --START--
INFO: Run Behavior\ContentReplaceBehavior [ RunTime:0.000129s ]
INFO: [ template_filter ] --END-- [ RunTime:0.000314s ]
INFO: Run Behavior\ParseTemplateBehavior [ RunTime:0.024568s ]
INFO: [ view_parse ] --END-- [ RunTime:0.024815s ]
INFO: [ view_filter ] --START--
INFO: Run Behavior\WriteHtmlCacheBehavior [ RunTime:0.004541s ]
INFO: [ view_filter ] --END-- [ RunTime:0.004738s ]

[ 2017-09-26T20:59:11+08:00 ] ::1 /tp3a/index.php/Home/AuthInfo/addUser.html
INFO: [ app_init ] --START--
INFO: Run Behavior\BuildLiteBehavior [ RunTime:0.000078s ]
INFO: [ app_init ] --END-- [ RunTime:0.002114s ]
INFO: [ app_begin ] --START--
INFO: Run Behavior\ReadHtmlCacheBehavior [ RunTime:0.002427s ]
INFO: [ app_begin ] --END-- [ RunTime:0.002664s ]
SQL: SHOW COLUMNS FROM `think_auth_group` [ RunTime:0.0215s ]
SQL: SELECT `id`,`title` FROM `think_auth_group`  [ RunTime:0.0013s ]
INFO: [ view_parse ] --START--
INFO: [ template_filter ] --START--
INFO: Run Behavior\ContentReplaceBehavior [ RunTime:0.000117s ]
INFO: [ template_filter ] --END-- [ RunTime:0.000293s ]
INFO: Run Behavior\ParseTemplateBehavior [ RunTime:0.025586s ]
INFO: [ view_parse ] --END-- [ RunTime:0.025910s ]
INFO: [ view_filter ] --START--
INFO: Run Behavior\WriteHtmlCacheBehavior [ RunTime:0.002299s ]
INFO: [ view_filter ] --END-- [ RunTime:0.002498s ]
INFO: [ app_end ] --START--
INFO: Run Behavior\ShowPageTraceBehavior [ RunTime:0.002598s ]
INFO: [ app_end ] --END-- [ RunTime:0.002792s ]

[ 2017-09-26T21:02:11+08:00 ] ::1 /tp3a/index.php/Home/AuthInfo/addUser.html
INFO: [ app_init ] --START--
INFO: Run Behavior\BuildLiteBehavior [ RunTime:0.000055s ]
INFO: [ app_init ] --END-- [ RunTime:0.003240s ]
INFO: [ app_begin ] --START--
INFO: Run Behavior\ReadHtmlCacheBehavior [ RunTime:0.004308s ]
INFO: [ app_begin ] --END-- [ RunTime:0.004523s ]
SQL: SHOW COLUMNS FROM `think_auth_group` [ RunTime:0.0192s ]
SQL: SELECT `id`,`title` FROM `think_auth_group`  [ RunTime:0.0016s ]
INFO: [ view_parse ] --START--
INFO: [ template_filter ] --START--
INFO: Run Behavior\ContentReplaceBehavior [ RunTime:0.000158s ]
INFO: [ template_filter ] --END-- [ RunTime:0.000604s ]
INFO: Run Behavior\ParseTemplateBehavior [ RunTime:0.031805s ]
INFO: [ view_parse ] --END-- [ RunTime:0.032036s ]
INFO: [ view_filter ] --START--
INFO: Run Behavior\WriteHtmlCacheBehavior [ RunTime:0.002604s ]
INFO: [ view_filter ] --END-- [ RunTime:0.002787s ]
INFO: [ app_end ] --START--
INFO: Run Behavior\ShowPageTraceBehavior [ RunTime:0.003200s ]
INFO: [ app_end ] --END-- [ RunTime:0.003438s ]

[ 2017-09-26T21:02:33+08:00 ] ::1 /tp3a/index.php/Home/AuthInfo/addUser.html
INFO: [ app_init ] --START--
INFO: Run Behavior\BuildLiteBehavior [ RunTime:0.000051s ]
INFO: [ app_init ] --END-- [ RunTime:0.002087s ]
INFO: [ app_begin ] --START--
INFO: Run Behavior\ReadHtmlCacheBehavior [ RunTime:0.002585s ]
INFO: [ app_begin ] --END-- [ RunTime:0.002859s ]
INFO: [ view_parse ] --START--
INFO: [ template_filter ] --START--
INFO: Run Behavior\ContentReplaceBehavior [ RunTime:0.000132s ]
INFO: [ template_filter ] --END-- [ RunTime:0.000320s ]
INFO: Run Behavior\ParseTemplateBehavior [ RunTime:0.029498s ]
INFO: [ view_parse ] --END-- [ RunTime:0.029875s ]
INFO: [ view_filter ] --START--
INFO: Run Behavior\WriteHtmlCacheBehavior [ RunTime:0.004391s ]
INFO: [ view_filter ] --END-- [ RunTime:0.004603s ]

[ 2017-09-26T21:02:36+08:00 ] ::1 /tp3a/index.php/Home/AuthInfo/addUser.html
INFO: [ app_init ] --START--
INFO: Run Behavior\BuildLiteBehavior [ RunTime:0.000052s ]
INFO: [ app_init ] --END-- [ RunTime:0.002941s ]
INFO: [ app_begin ] --START--
INFO: Run Behavior\ReadHtmlCacheBehavior [ RunTime:0.003860s ]
INFO: [ app_begin ] --END-- [ RunTime:0.004155s ]
SQL: SHOW COLUMNS FROM `think_auth_group` [ RunTime:0.0188s ]
SQL: SELECT `id`,`title` FROM `think_auth_group`  [ RunTime:0.0014s ]
INFO: [ view_parse ] --START--
INFO: [ template_filter ] --START--
INFO: Run Behavior\ContentReplaceBehavior [ RunTime:0.000137s ]
INFO: [ template_filter ] --END-- [ RunTime:0.000350s ]
INFO: Run Behavior\ParseTemplateBehavior [ RunTime:0.025194s ]
INFO: [ view_parse ] --END-- [ RunTime:0.025405s ]
INFO: [ view_filter ] --START--
INFO: Run Behavior\WriteHtmlCacheBehavior [ RunTime:0.002177s ]
INFO: [ view_filter ] --END-- [ RunTime:0.002358s ]
INFO: [ app_end ] --START--
INFO: Run Behavior\ShowPageTraceBehavior [ RunTime:0.002589s ]
INFO: [ app_end ] --END-- [ RunTime:0.002778s ]

[ 2017-09-26T21:03:45+08:00 ] ::1 /tp3a/index.php/Home/AuthInfo/addUser.html
INFO: [ app_init ] --START--
INFO: Run Behavior\BuildLiteBehavior [ RunTime:0.000053s ]
INFO: [ app_init ] --END-- [ RunTime:0.002740s ]
INFO: [ app_begin ] --START--
INFO: Run Behavior\ReadHtmlCacheBehavior [ RunTime:0.003336s ]
INFO: [ app_begin ] --END-- [ RunTime:0.003557s ]
SQL: SHOW COLUMNS FROM `think_auth_group` [ RunTime:0.0175s ]
SQL: SELECT `id`,`title` FROM `think_auth_group`  [ RunTime:0.0014s ]
INFO: [ view_parse ] --START--
INFO: [ template_filter ] --START--
INFO: Run Behavior\ContentReplaceBehavior [ RunTime:0.000132s ]
INFO: [ template_filter ] --END-- [ RunTime:0.000341s ]
INFO: Run Behavior\ParseTemplateBehavior [ RunTime:0.027203s ]
INFO: [ view_parse ] --END-- [ RunTime:0.027416s ]
INFO: [ view_filter ] --START--
INFO: Run Behavior\WriteHtmlCacheBehavior [ RunTime:0.002033s ]
INFO: [ view_filter ] --END-- [ RunTime:0.002277s ]
INFO: [ app_end ] --START--
INFO: Run Behavior\ShowPageTraceBehavior [ RunTime:0.002509s ]
INFO: [ app_end ] --END-- [ RunTime:0.002684s ]

[ 2017-09-26T21:03:51+08:00 ] ::1 /tp3a/index.php/Home/AuthInfo/addUser.html
INFO: [ app_init ] --START--
INFO: Run Behavior\BuildLiteBehavior [ RunTime:0.000059s ]
INFO: [ app_init ] --END-- [ RunTime:0.002744s ]
INFO: [ app_begin ] --START--
INFO: Run Behavior\ReadHtmlCacheBehavior [ RunTime:0.002452s ]
INFO: [ app_begin ] --END-- [ RunTime:0.002703s ]
INFO: [ app_end ] --START--
INFO: Run Behavior\ShowPageTraceBehavior [ RunTime:0.003474s ]
INFO: [ app_end ] --END-- [ RunTime:0.003694s ]

[ 2017-09-26T21:03:53+08:00 ] ::1 /tp3a/index.php/Home/AuthInfo/addUser.html
INFO: [ app_init ] --START--
INFO: Run Behavior\BuildLiteBehavior [ RunTime:0.000051s ]
INFO: [ app_init ] --END-- [ RunTime:0.001992s ]
INFO: [ app_begin ] --START--
INFO: Run Behavior\ReadHtmlCacheBehavior [ RunTime:0.004710s ]
INFO: [ app_begin ] --END-- [ RunTime:0.004954s ]
INFO: [ app_end ] --START--
INFO: Run Behavior\ShowPageTraceBehavior [ RunTime:0.003221s ]
INFO: [ app_end ] --END-- [ RunTime:0.003485s ]

[ 2017-09-26T21:04:29+08:00 ] ::1 /tp3a/index.php/Home/AuthInfo/addUser.html
INFO: [ app_init ] --START--
INFO: Run Behavior\BuildLiteBehavior [ RunTime:0.000060s ]
INFO: [ app_init ] --END-- [ RunTime:0.002847s ]
INFO: [ app_begin ] --START--
INFO: Run Behavior\ReadHtmlCacheBehavior [ RunTime:0.003968s ]
INFO: [ app_begin ] --END-- [ RunTime:0.004217s ]
INFO: [ app_end ] --START--
INFO: Run Behavior\ShowPageTraceBehavior [ RunTime:0.003303s ]
INFO: [ app_end ] --END-- [ RunTime:0.003534s ]

[ 2017-09-26T21:05:43+08:00 ] ::1 /tp3a/index.php/Home/AuthInfo/addUser.html
INFO: [ app_init ] --START--
INFO: Run Behavior\BuildLiteBehavior [ RunTime:0.000059s ]
INFO: [ app_init ] --END-- [ RunTime:0.002663s ]
INFO: [ app_begin ] --START--
INFO: Run Behavior\ReadHtmlCacheBehavior [ RunTime:0.002674s ]
INFO: [ app_begin ] --END-- [ RunTime:0.002920s ]
INFO: [ app_end ] --START--
INFO: Run Behavior\ShowPageTraceBehavior [ RunTime:0.002492s ]
INFO: [ app_end ] --END-- [ RunTime:0.002700s ]

[ 2017-09-26T21:06:27+08:00 ] ::1 /tp3a/index.php/Home/AuthInfo/addUser.html
INFO: [ app_init ] --START--
INFO: Run Behavior\BuildLiteBehavior [ RunTime:0.000053s ]
INFO: [ app_init ] --END-- [ RunTime:0.002098s ]
INFO: [ app_begin ] --START--
INFO: Run Behavior\ReadHtmlCacheBehavior [ RunTime:0.002488s ]
INFO: [ app_begin ] --END-- [ RunTime:0.002728s ]
NOTIC: [8] Undefined index: repassword C:\xampp\htdocs\tp3a\Application\Home\Controller\AuthInfoController.class.php 第 28 行.
SQL: SHOW COLUMNS FROM `think_user` [ RunTime:0.0193s ]
SQL: SELECT * FROM `think_user` WHERE `username` = '' LIMIT 1   [ RunTime:0.0015s ]
SQL: INSERT INTO `think_user` (`username`,`password`,`logintime`,`loginip`,`status`) VALUES ('','d41d8cd98f00b204e9800998ecf8427e','1506431187','0.0.0.0','0') [ RunTime:0.0065s ]
NOTIC: [2] Invalid argument supplied for foreach() C:\xampp\htdocs\tp3a\Application\Home\Controller\AuthInfoController.class.php 第 41 行.
SQL: SHOW COLUMNS FROM `think_auth_group_access` [ RunTime:0.0270s ]
INFO: [ view_parse ] --START--
INFO: [ template_filter ] --START--
INFO: Run Behavior\ContentReplaceBehavior [ RunTime:0.000150s ]
INFO: [ template_filter ] --END-- [ RunTime:0.000343s ]
INFO: Run Behavior\ParseTemplateBehavior [ RunTime:0.030516s ]
INFO: [ view_parse ] --END-- [ RunTime:0.030830s ]
INFO: [ view_filter ] --START--
INFO: Run Behavior\WriteHtmlCacheBehavior [ RunTime:0.003443s ]
INFO: [ view_filter ] --END-- [ RunTime:0.003635s ]

[ 2017-09-26T21:06:31+08:00 ] ::1 /tp3a/index.php/Home/AuthInfo/addUser.html
INFO: [ app_init ] --START--
INFO: Run Behavior\BuildLiteBehavior [ RunTime:0.000054s ]
INFO: [ app_init ] --END-- [ RunTime:0.002501s ]
INFO: [ app_begin ] --START--
INFO: Run Behavior\ReadHtmlCacheBehavior [ RunTime:0.003495s ]
INFO: [ app_begin ] --END-- [ RunTime:0.003758s ]
SQL: SHOW COLUMNS FROM `think_auth_group` [ RunTime:0.0181s ]
SQL: SELECT `id`,`title` FROM `think_auth_group`  [ RunTime:0.0013s ]
INFO: [ view_parse ] --START--
INFO: [ template_filter ] --START--
INFO: Run Behavior\ContentReplaceBehavior [ RunTime:0.000118s ]
INFO: [ template_filter ] --END-- [ RunTime:0.000316s ]
INFO: Run Behavior\ParseTemplateBehavior [ RunTime:0.024010s ]
INFO: [ view_parse ] --END-- [ RunTime:0.024218s ]
INFO: [ view_filter ] --START--
INFO: Run Behavior\WriteHtmlCacheBehavior [ RunTime:0.001786s ]
INFO: [ view_filter ] --END-- [ RunTime:0.001954s ]
INFO: [ app_end ] --START--
INFO: Run Behavior\ShowPageTraceBehavior [ RunTime:0.003017s ]
INFO: [ app_end ] --END-- [ RunTime:0.003202s ]

[ 2017-09-26T21:11:00+08:00 ] ::1 /tp3a/index.php/Home/AuthInfo/addUser.html
INFO: [ app_init ] --START--
INFO: Run Behavior\BuildLiteBehavior [ RunTime:0.000050s ]
INFO: [ app_init ] --END-- [ RunTime:0.002134s ]
INFO: [ app_begin ] --START--
INFO: Run Behavior\ReadHtmlCacheBehavior [ RunTime:0.003024s ]
INFO: [ app_begin ] --END-- [ RunTime:0.003262s ]

[ 2017-09-26T21:11:39+08:00 ] ::1 /tp3a/index.php/Home/AuthInfo/addUser.html
INFO: [ app_init ] --START--
INFO: Run Behavior\BuildLiteBehavior [ RunTime:0.000048s ]
INFO: [ app_init ] --END-- [ RunTime:0.001984s ]
INFO: [ app_begin ] --START--
INFO: Run Behavior\ReadHtmlCacheBehavior [ RunTime:0.002943s ]
INFO: [ app_begin ] --END-- [ RunTime:0.003206s ]

[ 2017-09-26T21:11:44+08:00 ] ::1 /tp3a/index.php/Home/AuthInfo/addUser.html
INFO: [ app_init ] --START--
INFO: Run Behavior\BuildLiteBehavior [ RunTime:0.000052s ]
INFO: [ app_init ] --END-- [ RunTime:0.002044s ]
INFO: [ app_begin ] --START--
INFO: Run Behavior\ReadHtmlCacheBehavior [ RunTime:0.003208s ]
INFO: [ app_begin ] --END-- [ RunTime:0.003663s ]

[ 2017-09-26T21:12:58+08:00 ] ::1 /tp3a/index.php/Home/AuthInfo/addUser.html
INFO: [ app_init ] --START--
INFO: Run Behavior\BuildLiteBehavior [ RunTime:0.000051s ]
INFO: [ app_init ] --END-- [ RunTime:0.002038s ]
INFO: [ app_begin ] --START--
INFO: Run Behavior\ReadHtmlCacheBehavior [ RunTime:0.002914s ]
INFO: [ app_begin ] --END-- [ RunTime:0.003146s ]
INFO: [ view_parse ] --START--
INFO: [ template_filter ] --START--
INFO: Run Behavior\ContentReplaceBehavior [ RunTime:0.000246s ]
INFO: [ template_filter ] --END-- [ RunTime:0.000739s ]
INFO: Run Behavior\ParseTemplateBehavior [ RunTime:0.030980s ]
INFO: [ view_parse ] --END-- [ RunTime:0.031208s ]
INFO: [ view_filter ] --START--
INFO: Run Behavior\WriteHtmlCacheBehavior [ RunTime:0.002775s ]
INFO: [ view_filter ] --END-- [ RunTime:0.002954s ]

[ 2017-09-26T21:13:02+08:00 ] ::1 /tp3a/index.php/Home/AuthInfo/addUser.html
INFO: [ app_init ] --START--
INFO: Run Behavior\BuildLiteBehavior [ RunTime:0.000054s ]
INFO: [ app_init ] --END-- [ RunTime:0.003145s ]
INFO: [ app_begin ] --START--
INFO: Run Behavior\ReadHtmlCacheBehavior [ RunTime:0.003229s ]
INFO: [ app_begin ] --END-- [ RunTime:0.003453s ]
SQL: SHOW COLUMNS FROM `think_auth_group` [ RunTime:0.0169s ]
SQL: SELECT `id`,`title` FROM `think_auth_group`  [ RunTime:0.0014s ]
INFO: [ view_parse ] --START--
INFO: [ template_filter ] --START--
INFO: Run Behavior\ContentReplaceBehavior [ RunTime:0.000128s ]
INFO: [ template_filter ] --END-- [ RunTime:0.000336s ]
INFO: Run Behavior\ParseTemplateBehavior [ RunTime:0.025325s ]
INFO: [ view_parse ] --END-- [ RunTime:0.025538s ]
INFO: [ view_filter ] --START--
INFO: Run Behavior\WriteHtmlCacheBehavior [ RunTime:0.002001s ]
INFO: [ view_filter ] --END-- [ RunTime:0.002182s ]
INFO: [ app_end ] --START--
INFO: Run Behavior\ShowPageTraceBehavior [ RunTime:0.002972s ]
INFO: [ app_end ] --END-- [ RunTime:0.003175s ]

[ 2017-09-26T21:14:44+08:00 ] ::1 /tp3a/index.php/Home/AuthInfo/addUser.html
INFO: [ app_init ] --START--
INFO: Run Behavior\BuildLiteBehavior [ RunTime:0.000059s ]
INFO: [ app_init ] --END-- [ RunTime:0.002046s ]
INFO: [ app_begin ] --START--
INFO: Run Behavior\ReadHtmlCacheBehavior [ RunTime:0.002578s ]
INFO: [ app_begin ] --END-- [ RunTime:0.002796s ]
SQL: SHOW COLUMNS FROM `think_auth_group` [ RunTime:0.0172s ]
SQL: SELECT `id`,`title` FROM `think_auth_group`  [ RunTime:0.0019s ]
INFO: [ view_parse ] --START--
INFO: [ template_filter ] --START--
INFO: Run Behavior\ContentReplaceBehavior [ RunTime:0.000119s ]
INFO: [ template_filter ] --END-- [ RunTime:0.000302s ]
INFO: Run Behavior\ParseTemplateBehavior [ RunTime:0.025788s ]
INFO: [ view_parse ] --END-- [ RunTime:0.026002s ]
INFO: [ view_filter ] --START--
INFO: Run Behavior\WriteHtmlCacheBehavior [ RunTime:0.003693s ]
INFO: [ view_filter ] --END-- [ RunTime:0.003881s ]
INFO: [ app_end ] --START--
INFO: Run Behavior\ShowPageTraceBehavior [ RunTime:0.003220s ]
INFO: [ app_end ] --END-- [ RunTime:0.003448s ]

[ 2017-09-26T21:15:10+08:00 ] ::1 /tp3a/index.php/Home/AuthInfo/addUser.html
INFO: [ app_init ] --START--
INFO: Run Behavior\BuildLiteBehavior [ RunTime:0.000052s ]
INFO: [ app_init ] --END-- [ RunTime:0.002940s ]
INFO: [ app_begin ] --START--
INFO: Run Behavior\ReadHtmlCacheBehavior [ RunTime:0.003209s ]
INFO: [ app_begin ] --END-- [ RunTime:0.003436s ]
INFO: [ view_parse ] --START--
INFO: [ template_filter ] --START--
INFO: Run Behavior\ContentReplaceBehavior [ RunTime:0.000213s ]
INFO: [ template_filter ] --END-- [ RunTime:0.000499s ]
INFO: Run Behavior\ParseTemplateBehavior [ RunTime:0.041571s ]
INFO: [ view_parse ] --END-- [ RunTime:0.041785s ]
INFO: [ view_filter ] --START--
INFO: Run Behavior\WriteHtmlCacheBehavior [ RunTime:0.002409s ]
INFO: [ view_filter ] --END-- [ RunTime:0.002590s ]

[ 2017-09-26T21:15:14+08:00 ] ::1 /tp3a/index.php/Home/AuthInfo/addUser.html
INFO: [ app_init ] --START--
INFO: Run Behavior\BuildLiteBehavior [ RunTime:0.000057s ]
INFO: [ app_init ] --END-- [ RunTime:0.002491s ]
INFO: [ app_begin ] --START--
INFO: Run Behavior\ReadHtmlCacheBehavior [ RunTime:0.003987s ]
INFO: [ app_begin ] --END-- [ RunTime:0.004201s ]
SQL: SHOW COLUMNS FROM `think_auth_group` [ RunTime:0.0202s ]
SQL: SELECT `id`,`title` FROM `think_auth_group`  [ RunTime:0.0021s ]
INFO: [ view_parse ] --START--
INFO: [ template_filter ] --START--
INFO: Run Behavior\ContentReplaceBehavior [ RunTime:0.000123s ]
INFO: [ template_filter ] --END-- [ RunTime:0.000318s ]
INFO: Run Behavior\ParseTemplateBehavior [ RunTime:0.024262s ]
INFO: [ view_parse ] --END-- [ RunTime:0.024478s ]
INFO: [ view_filter ] --START--
INFO: Run Behavior\WriteHtmlCacheBehavior [ RunTime:0.001927s ]
INFO: [ view_filter ] --END-- [ RunTime:0.002102s ]
INFO: [ app_end ] --START--
INFO: Run Behavior\ShowPageTraceBehavior [ RunTime:0.002908s ]
INFO: [ app_end ] --END-- [ RunTime:0.003129s ]

[ 2017-09-26T21:15:31+08:00 ] ::1 /tp3a/index.php/Home/AuthInfo/addUser.html
INFO: [ app_init ] --START--
INFO: Run Behavior\BuildLiteBehavior [ RunTime:0.000066s ]
INFO: [ app_init ] --END-- [ RunTime:0.004036s ]
INFO: [ app_begin ] --START--
INFO: Run Behavior\ReadHtmlCacheBehavior [ RunTime:0.004326s ]
INFO: [ app_begin ] --END-- [ RunTime:0.004632s ]
SQL: SHOW COLUMNS FROM `think_user` [ RunTime:0.0191s ]
SQL: SELECT * FROM `think_user` WHERE `username` = 'aaabbb' LIMIT 1   [ RunTime:0.0021s ]
SQL: INSERT INTO `think_user` (`username`,`password`,`logintime`,`loginip`,`status`) VALUES ('aaabbb','6547436690a26a399603a7096e876a2d','1506431731','0.0.0.0','0') [ RunTime:0.0043s ]
NOTIC: [2] Invalid argument supplied for foreach() C:\xampp\htdocs\tp3a\Application\Home\Controller\AuthInfoController.class.php 第 45 行.
SQL: SHOW COLUMNS FROM `think_auth_group_access` [ RunTime:0.0181s ]
INFO: [ view_parse ] --START--
INFO: [ template_filter ] --START--
INFO: Run Behavior\ContentReplaceBehavior [ RunTime:0.000142s ]
INFO: [ template_filter ] --END-- [ RunTime:0.000328s ]
INFO: Run Behavior\ParseTemplateBehavior [ RunTime:0.023161s ]
INFO: [ view_parse ] --END-- [ RunTime:0.023359s ]
INFO: [ view_filter ] --START--
INFO: Run Behavior\WriteHtmlCacheBehavior [ RunTime:0.001948s ]
INFO: [ view_filter ] --END-- [ RunTime:0.002131s ]

[ 2017-09-26T21:15:35+08:00 ] ::1 /tp3a/index.php/Home/AuthInfo/addUser.html
INFO: [ app_init ] --START--
INFO: Run Behavior\BuildLiteBehavior [ RunTime:0.000059s ]
INFO: [ app_init ] --END-- [ RunTime:0.002381s ]
INFO: [ app_begin ] --START--
INFO: Run Behavior\ReadHtmlCacheBehavior [ RunTime:0.002542s ]
INFO: [ app_begin ] --END-- [ RunTime:0.002758s ]
SQL: SHOW COLUMNS FROM `think_auth_group` [ RunTime:0.0221s ]
SQL: SELECT `id`,`title` FROM `think_auth_group`  [ RunTime:0.0016s ]
INFO: [ view_parse ] --START--
INFO: [ template_filter ] --START--
INFO: Run Behavior\ContentReplaceBehavior [ RunTime:0.000118s ]
INFO: [ template_filter ] --END-- [ RunTime:0.000307s ]
INFO: Run Behavior\ParseTemplateBehavior [ RunTime:0.024584s ]
INFO: [ view_parse ] --END-- [ RunTime:0.024788s ]
INFO: [ view_filter ] --START--
INFO: Run Behavior\WriteHtmlCacheBehavior [ RunTime:0.001720s ]
INFO: [ view_filter ] --END-- [ RunTime:0.001890s ]
INFO: [ app_end ] --START--
INFO: Run Behavior\ShowPageTraceBehavior [ RunTime:0.002762s ]
INFO: [ app_end ] --END-- [ RunTime:0.002943s ]

