[ 2017-09-27T06:57:09+08:00 ] ::1 /tp3a/
INFO: [ app_init ] --START--
INFO: Run Behavior\BuildLiteBehavior [ RunTime:0.000058s ]
INFO: [ app_init ] --END-- [ RunTime:0.007006s ]
INFO: [ app_begin ] --START--
INFO: Run Behavior\ReadHtmlCacheBehavior [ RunTime:0.008301s ]
INFO: [ app_begin ] --END-- [ RunTime:0.008538s ]
INFO: [ view_parse ] --START--
INFO: [ template_filter ] --START--
INFO: Run Behavior\ContentReplaceBehavior [ RunTime:0.002247s ]
INFO: [ template_filter ] --END-- [ RunTime:0.002479s ]
INFO: Run Behavior\ParseTemplateBehavior [ RunTime:0.042820s ]
INFO: [ view_parse ] --END-- [ RunTime:0.043047s ]
INFO: [ view_filter ] --START--
INFO: Run Behavior\WriteHtmlCacheBehavior [ RunTime:0.005253s ]
INFO: [ view_filter ] --END-- [ RunTime:0.005435s ]

[ 2017-09-27T06:57:13+08:00 ] ::1 /tp3a/index.php/Home/Login/index.html
INFO: [ app_init ] --START--
INFO: Run Behavior\BuildLiteBehavior [ RunTime:0.000086s ]
INFO: [ app_init ] --END-- [ RunTime:0.003589s ]
INFO: [ app_begin ] --START--
INFO: Run Behavior\ReadHtmlCacheBehavior [ RunTime:0.002680s ]
INFO: [ app_begin ] --END-- [ RunTime:0.002898s ]
INFO: [ view_parse ] --START--
INFO: [ template_filter ] --START--
INFO: Run Behavior\ContentReplaceBehavior [ RunTime:0.000162s ]
INFO: [ template_filter ] --END-- [ RunTime:0.000576s ]
INFO: Run Behavior\ParseTemplateBehavior [ RunTime:0.029918s ]
INFO: [ view_parse ] --END-- [ RunTime:0.030137s ]
INFO: [ view_filter ] --START--
INFO: Run Behavior\WriteHtmlCacheBehavior [ RunTime:0.002476s ]
INFO: [ view_filter ] --END-- [ RunTime:0.002787s ]
INFO: [ app_end ] --START--
INFO: Run Behavior\ShowPageTraceBehavior [ RunTime:0.006843s ]
INFO: [ app_end ] --END-- [ RunTime:0.007099s ]

[ 2017-09-27T06:57:14+08:00 ] ::1 /tp3a/index.php/Home/Login/verify.html
INFO: [ app_init ] --START--
INFO: Run Behavior\BuildLiteBehavior [ RunTime:0.000052s ]
INFO: [ app_init ] --END-- [ RunTime:0.002153s ]
INFO: [ app_begin ] --START--
INFO: Run Behavior\ReadHtmlCacheBehavior [ RunTime:0.002740s ]
INFO: [ app_begin ] --END-- [ RunTime:0.003133s ]
INFO: [ app_end ] --START--
INFO: Run Behavior\ShowPageTraceBehavior [ RunTime:0.003076s ]
INFO: [ app_end ] --END-- [ RunTime:0.003341s ]

[ 2017-09-27T06:57:42+08:00 ] ::1 /tp3a/index.php/Home/Login/loginInfo.html
INFO: [ app_init ] --START--
INFO: Run Behavior\BuildLiteBehavior [ RunTime:0.000056s ]
INFO: [ app_init ] --END-- [ RunTime:0.002741s ]
INFO: [ app_begin ] --START--
INFO: Run Behavior\ReadHtmlCacheBehavior [ RunTime:0.004462s ]
INFO: [ app_begin ] --END-- [ RunTime:0.004822s ]
SQL: SHOW COLUMNS FROM `think_user` [ RunTime:0.0202s ]
SQL: SELECT * FROM `think_user` WHERE `username` = 'admin' LIMIT 1   [ RunTime:0.0018s ]
NOTIC: [8] Undefined index: lock C:\xampp\htdocs\tp3a\Application\Home\Controller\LoginController.class.php 第 34 行.
SQL: UPDATE `think_user` SET `logintime`='1506466662',`loginip`='0.0.0.0' WHERE `id` = 1 [ RunTime:0.0062s ]

[ 2017-09-27T06:57:42+08:00 ] ::1 /tp3a/index.php/Home/Index/index.html
INFO: [ app_init ] --START--
INFO: Run Behavior\BuildLiteBehavior [ RunTime:0.000071s ]
INFO: [ app_init ] --END-- [ RunTime:0.001846s ]
INFO: [ app_begin ] --START--
INFO: Run Behavior\ReadHtmlCacheBehavior [ RunTime:0.002958s ]
INFO: [ app_begin ] --END-- [ RunTime:0.003174s ]
INFO: [ view_parse ] --START--
INFO: [ template_filter ] --START--
INFO: Run Behavior\ContentReplaceBehavior [ RunTime:0.000109s ]
INFO: [ template_filter ] --END-- [ RunTime:0.000293s ]
INFO: Run Behavior\ParseTemplateBehavior [ RunTime:0.022689s ]
INFO: [ view_parse ] --END-- [ RunTime:0.022902s ]
INFO: [ view_filter ] --START--
INFO: Run Behavior\WriteHtmlCacheBehavior [ RunTime:0.001922s ]
INFO: [ view_filter ] --END-- [ RunTime:0.002096s ]
INFO: [ app_end ] --START--
INFO: Run Behavior\ShowPageTraceBehavior [ RunTime:0.002618s ]
INFO: [ app_end ] --END-- [ RunTime:0.002805s ]

[ 2017-09-27T06:57:46+08:00 ] ::1 /tp3a/index.php/Home/Index/userList.html
INFO: [ app_init ] --START--
INFO: Run Behavior\BuildLiteBehavior [ RunTime:0.000051s ]
INFO: [ app_init ] --END-- [ RunTime:0.002125s ]
INFO: [ app_begin ] --START--
INFO: Run Behavior\ReadHtmlCacheBehavior [ RunTime:0.004060s ]
INFO: [ app_begin ] --END-- [ RunTime:0.004342s ]
SQL: SHOW COLUMNS FROM `think_auth_group_access` [ RunTime:0.0266s ]
SQL: SELECT `uid`,`group_id`,`title`,`rules` FROM think_auth_group_access a INNER JOIN think_auth_group g on a.group_id=g.id  WHERE ( a.uid='1' and g.status='1' )  [ RunTime:0.0028s ]
SQL: SHOW COLUMNS FROM `think_auth_rule` [ RunTime:0.0211s ]
SQL: SELECT `condition`,`name` FROM `think_auth_rule` WHERE `id` IN ('\'1','2\'') AND `type` = 1 AND `status` = 1  [ RunTime:0.0018s ]
SQL: SHOW COLUMNS FROM `think_user` [ RunTime:0.0264s ]
SQL: SELECT * FROM `think_user`  [ RunTime:0.0016s ]
INFO: [ view_parse ] --START--
INFO: [ template_filter ] --START--
INFO: Run Behavior\ContentReplaceBehavior [ RunTime:0.000121s ]
INFO: [ template_filter ] --END-- [ RunTime:0.000374s ]
INFO: Run Behavior\ParseTemplateBehavior [ RunTime:0.028317s ]
INFO: [ view_parse ] --END-- [ RunTime:0.028541s ]
INFO: [ view_filter ] --START--
INFO: Run Behavior\WriteHtmlCacheBehavior [ RunTime:0.001949s ]
INFO: [ view_filter ] --END-- [ RunTime:0.002204s ]
INFO: [ app_end ] --START--
INFO: Run Behavior\ShowPageTraceBehavior [ RunTime:0.002477s ]
INFO: [ app_end ] --END-- [ RunTime:0.002686s ]

[ 2017-09-27T06:57:48+08:00 ] ::1 /tp3a/index.php/Home/AuthInfo/addUser.html
INFO: [ app_init ] --START--
INFO: Run Behavior\BuildLiteBehavior [ RunTime:0.000050s ]
INFO: [ app_init ] --END-- [ RunTime:0.001877s ]
INFO: [ app_begin ] --START--
INFO: Run Behavior\ReadHtmlCacheBehavior [ RunTime:0.003738s ]
INFO: [ app_begin ] --END-- [ RunTime:0.003986s ]
SQL: SHOW COLUMNS FROM `think_auth_group` [ RunTime:0.0242s ]
SQL: SELECT `id`,`title` FROM `think_auth_group`  [ RunTime:0.0015s ]
INFO: [ view_parse ] --START--
INFO: [ template_filter ] --START--
INFO: Run Behavior\ContentReplaceBehavior [ RunTime:0.000163s ]
INFO: [ template_filter ] --END-- [ RunTime:0.000431s ]
INFO: Run Behavior\ParseTemplateBehavior [ RunTime:0.033604s ]
INFO: [ view_parse ] --END-- [ RunTime:0.033862s ]
INFO: [ view_filter ] --START--
INFO: Run Behavior\WriteHtmlCacheBehavior [ RunTime:0.001769s ]
INFO: [ view_filter ] --END-- [ RunTime:0.001938s ]
INFO: [ app_end ] --START--
INFO: Run Behavior\ShowPageTraceBehavior [ RunTime:0.002391s ]
INFO: [ app_end ] --END-- [ RunTime:0.002570s ]

[ 2017-09-27T06:58:14+08:00 ] ::1 /tp3a/index.php/Home/AuthInfo/addUser.html
INFO: [ app_init ] --START--
INFO: Run Behavior\BuildLiteBehavior [ RunTime:0.000056s ]
INFO: [ app_init ] --END-- [ RunTime:0.002369s ]
INFO: [ app_begin ] --START--
INFO: Run Behavior\ReadHtmlCacheBehavior [ RunTime:0.003449s ]
INFO: [ app_begin ] --END-- [ RunTime:0.003700s ]
SQL: SHOW COLUMNS FROM `think_user` [ RunTime:0.0198s ]
SQL: SELECT * FROM `think_user` WHERE `username` = 'abc' LIMIT 1   [ RunTime:0.0014s ]
SQL: INSERT INTO `think_user` (`username`,`password`,`logintime`,`loginip`,`status`) VALUES ('abc','900150983cd24fb0d6963f7d28e17f72','1506466694','0.0.0.0','0') [ RunTime:0.0042s ]
NOTIC: [8] Undefined variable: lastInsertId C:\xampp\htdocs\tp3a\Application\Home\Controller\AuthInfoController.class.php 第 49 行.
SQL: SHOW COLUMNS FROM `think_auth_group_access` [ RunTime:0.0168s ]
ERR: 1048:Column 'uid' cannot be null
 [ SQL语句 ] : INSERT INTO `think_auth_group_access` (`uid`,`group_id`) VALUES (NULL,'2')
ERR: 1048:Column 'uid' cannot be null
 [ SQL语句 ] : INSERT INTO `think_auth_group_access` (`uid`,`group_id`) VALUES (NULL,'2')

[ 2017-09-27T06:59:46+08:00 ] ::1 /tp3a/index.php/Home/AuthInfo/addUser.html
INFO: [ app_init ] --START--
INFO: Run Behavior\BuildLiteBehavior [ RunTime:0.000063s ]
INFO: [ app_init ] --END-- [ RunTime:0.005438s ]
INFO: [ app_begin ] --START--
INFO: Run Behavior\ReadHtmlCacheBehavior [ RunTime:0.007498s ]
INFO: [ app_begin ] --END-- [ RunTime:0.008447s ]
SQL: SHOW COLUMNS FROM `think_user` [ RunTime:0.0198s ]
SQL: SELECT * FROM `think_user` WHERE `username` = 'abc' LIMIT 1   [ RunTime:0.0016s ]
INFO: [ view_parse ] --START--
INFO: [ template_filter ] --START--
INFO: Run Behavior\ContentReplaceBehavior [ RunTime:0.000166s ]
INFO: [ template_filter ] --END-- [ RunTime:0.000407s ]
INFO: Run Behavior\ParseTemplateBehavior [ RunTime:0.028717s ]
INFO: [ view_parse ] --END-- [ RunTime:0.028990s ]
INFO: [ view_filter ] --START--
INFO: Run Behavior\WriteHtmlCacheBehavior [ RunTime:0.003231s ]
INFO: [ view_filter ] --END-- [ RunTime:0.003422s ]

[ 2017-09-27T06:59:50+08:00 ] ::1 /tp3a/index.php/Home/AuthInfo/addUser.html
INFO: [ app_init ] --START--
INFO: Run Behavior\BuildLiteBehavior [ RunTime:0.000054s ]
INFO: [ app_init ] --END-- [ RunTime:0.003268s ]
INFO: [ app_begin ] --START--
INFO: Run Behavior\ReadHtmlCacheBehavior [ RunTime:0.002694s ]
INFO: [ app_begin ] --END-- [ RunTime:0.002923s ]
SQL: SHOW COLUMNS FROM `think_auth_group` [ RunTime:0.0307s ]
SQL: SELECT `id`,`title` FROM `think_auth_group`  [ RunTime:0.0015s ]
INFO: [ view_parse ] --START--
INFO: [ template_filter ] --START--
INFO: Run Behavior\ContentReplaceBehavior [ RunTime:0.000321s ]
INFO: [ template_filter ] --END-- [ RunTime:0.000766s ]
INFO: Run Behavior\ParseTemplateBehavior [ RunTime:0.045095s ]
INFO: [ view_parse ] --END-- [ RunTime:0.045367s ]
INFO: [ view_filter ] --START--
INFO: Run Behavior\WriteHtmlCacheBehavior [ RunTime:0.005046s ]
INFO: [ view_filter ] --END-- [ RunTime:0.005345s ]
INFO: [ app_end ] --START--
INFO: Run Behavior\ShowPageTraceBehavior [ RunTime:0.008485s ]
INFO: [ app_end ] --END-- [ RunTime:0.008717s ]

[ 2017-09-27T07:00:31+08:00 ] ::1 /tp3a/index.php/Home/AuthInfo/addUser.html
INFO: [ app_init ] --START--
INFO: Run Behavior\BuildLiteBehavior [ RunTime:0.000050s ]
INFO: [ app_init ] --END-- [ RunTime:0.002011s ]
INFO: [ app_begin ] --START--
INFO: Run Behavior\ReadHtmlCacheBehavior [ RunTime:0.003193s ]
INFO: [ app_begin ] --END-- [ RunTime:0.003553s ]
SQL: SHOW COLUMNS FROM `think_user` [ RunTime:0.0192s ]
SQL: SELECT * FROM `think_user` WHERE `username` = 'abc' LIMIT 1   [ RunTime:0.0031s ]
SQL: INSERT INTO `think_user` (`username`,`password`,`logintime`,`loginip`,`status`) VALUES ('abc','900150983cd24fb0d6963f7d28e17f72','1506466831','0.0.0.0','0') [ RunTime:0.0040s ]
SQL: SHOW COLUMNS FROM `think_auth_group_access` [ RunTime:0.0175s ]
SQL: INSERT INTO `think_auth_group_access` (`uid`,`group_id`) VALUES ('7','2') [ RunTime:0.0019s ]
INFO: [ view_parse ] --START--
INFO: [ template_filter ] --START--
INFO: Run Behavior\ContentReplaceBehavior [ RunTime:0.000135s ]
INFO: [ template_filter ] --END-- [ RunTime:0.000324s ]
INFO: Run Behavior\ParseTemplateBehavior [ RunTime:0.023796s ]
INFO: [ view_parse ] --END-- [ RunTime:0.024048s ]
INFO: [ view_filter ] --START--
INFO: Run Behavior\WriteHtmlCacheBehavior [ RunTime:0.002061s ]
INFO: [ view_filter ] --END-- [ RunTime:0.002240s ]
INFO: [ app_end ] --START--
INFO: Run Behavior\ShowPageTraceBehavior [ RunTime:0.002484s ]
INFO: [ app_end ] --END-- [ RunTime:0.002667s ]

[ 2017-09-27T07:00:33+08:00 ] ::1 /tp3a/index.php/Home/Auth/index.html
INFO: [ app_init ] --START--
INFO: Run Behavior\BuildLiteBehavior [ RunTime:0.000051s ]
INFO: [ app_init ] --END-- [ RunTime:0.002116s ]
INFO: [ app_begin ] --START--
INFO: Run Behavior\ReadHtmlCacheBehavior [ RunTime:0.002671s ]
INFO: [ app_begin ] --END-- [ RunTime:0.002905s ]
SQL: SHOW COLUMNS FROM `think_auth_group_access` [ RunTime:0.0207s ]
SQL: SELECT `uid`,`group_id`,`title`,`rules` FROM think_auth_group_access a INNER JOIN think_auth_group g on a.group_id=g.id  WHERE ( a.uid='1' and g.status='1' )  [ RunTime:0.0016s ]
SQL: SHOW COLUMNS FROM `think_auth_rule` [ RunTime:0.0177s ]
SQL: SELECT `condition`,`name` FROM `think_auth_rule` WHERE `id` IN ('\'1','2\'') AND `type` = 1 AND `status` = 1  [ RunTime:0.0015s ]
ERR: 非法操作:index

[ 2017-09-27T07:01:48+08:00 ] ::1 /tp3a/index.php/Home/Auth/index.html
INFO: [ app_init ] --START--
INFO: Run Behavior\BuildLiteBehavior [ RunTime:0.000054s ]
INFO: [ app_init ] --END-- [ RunTime:0.002614s ]
INFO: [ app_begin ] --START--
INFO: Run Behavior\ReadHtmlCacheBehavior [ RunTime:0.004927s ]
INFO: [ app_begin ] --END-- [ RunTime:0.005141s ]
SQL: SHOW COLUMNS FROM `think_auth_group_access` [ RunTime:0.0195s ]
SQL: SELECT `uid`,`group_id`,`title`,`rules` FROM think_auth_group_access a INNER JOIN think_auth_group g on a.group_id=g.id  WHERE ( a.uid='1' and g.status='1' )  [ RunTime:0.0022s ]
SQL: SHOW COLUMNS FROM `think_auth_rule` [ RunTime:0.0208s ]
SQL: SELECT `condition`,`name` FROM `think_auth_rule` WHERE `id` IN ('\'1','2\'') AND `type` = 1 AND `status` = 1  [ RunTime:0.0017s ]
ERR: 非法操作:index

[ 2017-09-27T07:01:53+08:00 ] ::1 /tp3a/index.php/Home/Auth/index.html
INFO: [ app_init ] --START--
INFO: Run Behavior\BuildLiteBehavior [ RunTime:0.000054s ]
INFO: [ app_init ] --END-- [ RunTime:0.002542s ]
INFO: [ app_begin ] --START--
INFO: Run Behavior\ReadHtmlCacheBehavior [ RunTime:0.002569s ]
INFO: [ app_begin ] --END-- [ RunTime:0.002781s ]
SQL: SHOW COLUMNS FROM `think_auth_group_access` [ RunTime:0.0205s ]
SQL: SELECT `uid`,`group_id`,`title`,`rules` FROM think_auth_group_access a INNER JOIN think_auth_group g on a.group_id=g.id  WHERE ( a.uid='1' and g.status='1' )  [ RunTime:0.0019s ]
SQL: SHOW COLUMNS FROM `think_auth_rule` [ RunTime:0.0180s ]
SQL: SELECT `condition`,`name` FROM `think_auth_rule` WHERE `id` IN ('\'1','2\'') AND `type` = 1 AND `status` = 1  [ RunTime:0.0014s ]
ERR: 非法操作:index

[ 2017-09-27T07:01:55+08:00 ] ::1 /tp3a/index.php/Home/AuthInfo/addUser.html
INFO: [ app_init ] --START--
INFO: Run Behavior\BuildLiteBehavior [ RunTime:0.000054s ]
INFO: [ app_init ] --END-- [ RunTime:0.002181s ]
INFO: [ app_begin ] --START--
INFO: Run Behavior\ReadHtmlCacheBehavior [ RunTime:0.003421s ]
INFO: [ app_begin ] --END-- [ RunTime:0.003695s ]
SQL: SHOW COLUMNS FROM `think_auth_group` [ RunTime:0.0180s ]
SQL: SELECT `id`,`title` FROM `think_auth_group`  [ RunTime:0.0021s ]
INFO: [ view_parse ] --START--
INFO: [ template_filter ] --START--
INFO: Run Behavior\ContentReplaceBehavior [ RunTime:0.000300s ]
INFO: [ template_filter ] --END-- [ RunTime:0.000633s ]
INFO: Run Behavior\ParseTemplateBehavior [ RunTime:0.032781s ]
INFO: [ view_parse ] --END-- [ RunTime:0.033032s ]
INFO: [ view_filter ] --START--
INFO: Run Behavior\WriteHtmlCacheBehavior [ RunTime:0.002565s ]
INFO: [ view_filter ] --END-- [ RunTime:0.002772s ]
INFO: [ app_end ] --START--
INFO: Run Behavior\ShowPageTraceBehavior [ RunTime:0.003488s ]
INFO: [ app_end ] --END-- [ RunTime:0.003676s ]

[ 2017-09-27T07:02:18+08:00 ] ::1 /tp3a/index.php/Home/AuthInfo/addUser.html
INFO: [ app_init ] --START--
INFO: Run Behavior\BuildLiteBehavior [ RunTime:0.000052s ]
INFO: [ app_init ] --END-- [ RunTime:0.002904s ]
INFO: [ app_begin ] --START--
INFO: Run Behavior\ReadHtmlCacheBehavior [ RunTime:0.002545s ]
INFO: [ app_begin ] --END-- [ RunTime:0.002776s ]
SQL: SHOW COLUMNS FROM `think_user` [ RunTime:0.0201s ]
SQL: SELECT * FROM `think_user` WHERE `username` = 'abc' LIMIT 1   [ RunTime:0.0014s ]
SQL: INSERT INTO `think_user` (`username`,`password`,`logintime`,`loginip`,`status`) VALUES ('abc','900150983cd24fb0d6963f7d28e17f72','1506466938','0.0.0.0','0') [ RunTime:0.0034s ]
SQL: SHOW COLUMNS FROM `think_auth_group_access` [ RunTime:0.0170s ]
SQL: INSERT INTO `think_auth_group_access` (`uid`,`group_id`) VALUES ('8','2') [ RunTime:0.0015s ]
INFO: [ view_parse ] --START--
INFO: [ template_filter ] --START--
INFO: Run Behavior\ContentReplaceBehavior [ RunTime:0.000135s ]
INFO: [ template_filter ] --END-- [ RunTime:0.000326s ]
INFO: Run Behavior\ParseTemplateBehavior [ RunTime:0.025383s ]
INFO: [ view_parse ] --END-- [ RunTime:0.025614s ]
INFO: [ view_filter ] --START--
INFO: Run Behavior\WriteHtmlCacheBehavior [ RunTime:0.001898s ]
INFO: [ view_filter ] --END-- [ RunTime:0.002070s ]
INFO: [ app_end ] --START--
INFO: Run Behavior\ShowPageTraceBehavior [ RunTime:0.002677s ]
INFO: [ app_end ] --END-- [ RunTime:0.002904s ]

[ 2017-09-27T07:02:20+08:00 ] ::1 /tp3a/index.php/Home/Index/userList.html
INFO: [ app_init ] --START--
INFO: Run Behavior\BuildLiteBehavior [ RunTime:0.000048s ]
INFO: [ app_init ] --END-- [ RunTime:0.001925s ]
INFO: [ app_begin ] --START--
INFO: Run Behavior\ReadHtmlCacheBehavior [ RunTime:0.002578s ]
INFO: [ app_begin ] --END-- [ RunTime:0.002794s ]
SQL: SHOW COLUMNS FROM `think_auth_group_access` [ RunTime:0.0190s ]
SQL: SELECT `uid`,`group_id`,`title`,`rules` FROM think_auth_group_access a INNER JOIN think_auth_group g on a.group_id=g.id  WHERE ( a.uid='1' and g.status='1' )  [ RunTime:0.0019s ]
SQL: SHOW COLUMNS FROM `think_auth_rule` [ RunTime:0.0175s ]
SQL: SELECT `condition`,`name` FROM `think_auth_rule` WHERE `id` IN ('\'1','2\'') AND `type` = 1 AND `status` = 1  [ RunTime:0.0014s ]
SQL: SHOW COLUMNS FROM `think_user` [ RunTime:0.0177s ]
SQL: SELECT * FROM `think_user`  [ RunTime:0.0014s ]
INFO: [ view_parse ] --START--
INFO: [ template_filter ] --START--
INFO: Run Behavior\ContentReplaceBehavior [ RunTime:0.000118s ]
INFO: [ template_filter ] --END-- [ RunTime:0.000345s ]
INFO: Run Behavior\ParseTemplateBehavior [ RunTime:0.025789s ]
INFO: [ view_parse ] --END-- [ RunTime:0.026000s ]
INFO: [ view_filter ] --START--
INFO: Run Behavior\WriteHtmlCacheBehavior [ RunTime:0.001801s ]
INFO: [ view_filter ] --END-- [ RunTime:0.001983s ]
INFO: [ app_end ] --START--
INFO: Run Behavior\ShowPageTraceBehavior [ RunTime:0.002488s ]
INFO: [ app_end ] --END-- [ RunTime:0.002661s ]

[ 2017-09-27T07:16:48+08:00 ] ::1 /tp3a/index.php/Home/Index/userList.html
INFO: [ app_init ] --START--
INFO: Run Behavior\BuildLiteBehavior [ RunTime:0.000056s ]
INFO: [ app_init ] --END-- [ RunTime:0.002560s ]
INFO: [ app_begin ] --START--
INFO: Run Behavior\ReadHtmlCacheBehavior [ RunTime:0.003593s ]
INFO: [ app_begin ] --END-- [ RunTime:0.003818s ]
SQL: SHOW COLUMNS FROM `think_auth_group_access` [ RunTime:0.0189s ]
SQL: SELECT `uid`,`group_id`,`title`,`rules` FROM think_auth_group_access a INNER JOIN think_auth_group g on a.group_id=g.id  WHERE ( a.uid='1' and g.status='1' )  [ RunTime:0.0017s ]
SQL: SHOW COLUMNS FROM `think_auth_rule` [ RunTime:0.0211s ]
SQL: SELECT `condition`,`name` FROM `think_auth_rule` WHERE `id` IN ('\'1','2\'') AND `type` = 1 AND `status` = 1  [ RunTime:0.0016s ]
SQL: SHOW COLUMNS FROM `think_user` [ RunTime:0.0177s ]
SQL: SELECT * FROM `think_user`  [ RunTime:0.0017s ]
INFO: [ view_parse ] --START--
INFO: [ template_filter ] --START--
INFO: Run Behavior\ContentReplaceBehavior [ RunTime:0.000116s ]
INFO: [ template_filter ] --END-- [ RunTime:0.000353s ]
INFO: Run Behavior\ParseTemplateBehavior [ RunTime:0.031516s ]
INFO: [ view_parse ] --END-- [ RunTime:0.031745s ]
INFO: [ view_filter ] --START--
INFO: Run Behavior\WriteHtmlCacheBehavior [ RunTime:0.002421s ]
INFO: [ view_filter ] --END-- [ RunTime:0.002629s ]
INFO: [ app_end ] --START--
INFO: Run Behavior\ShowPageTraceBehavior [ RunTime:0.003523s ]
INFO: [ app_end ] --END-- [ RunTime:0.003716s ]

[ 2017-09-27T07:16:50+08:00 ] ::1 /tp3a/index.php/Home/AuthInfo/deleteUser.html
INFO: [ app_init ] --START--
INFO: Run Behavior\BuildLiteBehavior [ RunTime:0.000051s ]
INFO: [ app_init ] --END-- [ RunTime:0.002635s ]
INFO: [ app_begin ] --START--
INFO: Run Behavior\ReadHtmlCacheBehavior [ RunTime:0.002480s ]
INFO: [ app_begin ] --END-- [ RunTime:0.002723s ]

[ 2017-09-27T07:42:42+08:00 ] ::1 /tp3a/index.php/Home/Index/userList.html
INFO: [ app_init ] --START--
INFO: Run Behavior\BuildLiteBehavior [ RunTime:0.000052s ]
INFO: [ app_init ] --END-- [ RunTime:0.004442s ]
INFO: [ app_begin ] --START--
INFO: Run Behavior\ReadHtmlCacheBehavior [ RunTime:0.003322s ]
INFO: [ app_begin ] --END-- [ RunTime:0.003538s ]
SQL: SHOW COLUMNS FROM `think_auth_group_access` [ RunTime:0.0193s ]
SQL: SELECT `uid`,`group_id`,`title`,`rules` FROM think_auth_group_access a INNER JOIN think_auth_group g on a.group_id=g.id  WHERE ( a.uid='1' and g.status='1' )  [ RunTime:0.0021s ]
SQL: SHOW COLUMNS FROM `think_auth_rule` [ RunTime:0.0201s ]
SQL: SELECT `condition`,`name` FROM `think_auth_rule` WHERE `id` IN ('\'1','2\'') AND `type` = 1 AND `status` = 1  [ RunTime:0.0017s ]
SQL: SHOW COLUMNS FROM `think_user` [ RunTime:0.0169s ]
SQL: SELECT * FROM `think_user`  [ RunTime:0.0015s ]
INFO: [ view_parse ] --START--
INFO: [ template_filter ] --START--
INFO: Run Behavior\ContentReplaceBehavior [ RunTime:0.000174s ]
INFO: [ template_filter ] --END-- [ RunTime:0.000375s ]
INFO: Run Behavior\ParseTemplateBehavior [ RunTime:0.030546s ]
INFO: [ view_parse ] --END-- [ RunTime:0.030770s ]
INFO: [ view_filter ] --START--
INFO: Run Behavior\WriteHtmlCacheBehavior [ RunTime:0.002388s ]
INFO: [ view_filter ] --END-- [ RunTime:0.002571s ]
INFO: [ app_end ] --START--
INFO: Run Behavior\ShowPageTraceBehavior [ RunTime:0.003198s ]
INFO: [ app_end ] --END-- [ RunTime:0.003377s ]

[ 2017-09-27T07:43:07+08:00 ] ::1 /tp3a/index.php/Home/Index/userList.html
INFO: [ app_init ] --START--
INFO: Run Behavior\BuildLiteBehavior [ RunTime:0.000053s ]
INFO: [ app_init ] --END-- [ RunTime:0.002095s ]
INFO: [ app_begin ] --START--
INFO: Run Behavior\ReadHtmlCacheBehavior [ RunTime:0.002539s ]
INFO: [ app_begin ] --END-- [ RunTime:0.002753s ]
SQL: SHOW COLUMNS FROM `think_auth_group_access` [ RunTime:0.0256s ]
SQL: SELECT `uid`,`group_id`,`title`,`rules` FROM think_auth_group_access a INNER JOIN think_auth_group g on a.group_id=g.id  WHERE ( a.uid='1' and g.status='1' )  [ RunTime:0.0019s ]
SQL: SHOW COLUMNS FROM `think_auth_rule` [ RunTime:0.0191s ]
SQL: SELECT `condition`,`name` FROM `think_auth_rule` WHERE `id` IN ('\'1','2\'') AND `type` = 1 AND `status` = 1  [ RunTime:0.0018s ]
SQL: SHOW COLUMNS FROM `think_user` [ RunTime:0.0166s ]
SQL: SELECT * FROM `think_user`  [ RunTime:0.0015s ]
INFO: [ view_parse ] --START--
INFO: [ template_filter ] --START--
INFO: Run Behavior\ContentReplaceBehavior [ RunTime:0.000145s ]
INFO: [ template_filter ] --END-- [ RunTime:0.000343s ]
INFO: Run Behavior\ParseTemplateBehavior [ RunTime:0.026479s ]
INFO: [ view_parse ] --END-- [ RunTime:0.026708s ]
INFO: [ view_filter ] --START--
INFO: Run Behavior\WriteHtmlCacheBehavior [ RunTime:0.001933s ]
INFO: [ view_filter ] --END-- [ RunTime:0.002134s ]
INFO: [ app_end ] --START--
INFO: Run Behavior\ShowPageTraceBehavior [ RunTime:0.002682s ]
INFO: [ app_end ] --END-- [ RunTime:0.002860s ]

[ 2017-09-27T07:43:37+08:00 ] ::1 /tp3a/index.php/Home/Index/userList.html
INFO: [ app_init ] --START--
INFO: Run Behavior\BuildLiteBehavior [ RunTime:0.000051s ]
INFO: [ app_init ] --END-- [ RunTime:0.001898s ]
INFO: [ app_begin ] --START--
INFO: Run Behavior\ReadHtmlCacheBehavior [ RunTime:0.002535s ]
INFO: [ app_begin ] --END-- [ RunTime:0.002781s ]
SQL: SHOW COLUMNS FROM `think_auth_group_access` [ RunTime:0.0185s ]
SQL: SELECT `uid`,`group_id`,`title`,`rules` FROM think_auth_group_access a INNER JOIN think_auth_group g on a.group_id=g.id  WHERE ( a.uid='1' and g.status='1' )  [ RunTime:0.0018s ]
SQL: SHOW COLUMNS FROM `think_auth_rule` [ RunTime:0.0182s ]
SQL: SELECT `condition`,`name` FROM `think_auth_rule` WHERE `id` IN ('\'1','2\'') AND `type` = 1 AND `status` = 1  [ RunTime:0.0015s ]
SQL: SHOW COLUMNS FROM `think_user` [ RunTime:0.0173s ]
SQL: SELECT * FROM `think_user`  [ RunTime:0.0020s ]
INFO: [ view_parse ] --START--
INFO: [ template_filter ] --START--
INFO: Run Behavior\ContentReplaceBehavior [ RunTime:0.000140s ]
INFO: [ template_filter ] --END-- [ RunTime:0.000351s ]
INFO: Run Behavior\ParseTemplateBehavior [ RunTime:0.027282s ]
INFO: [ view_parse ] --END-- [ RunTime:0.027495s ]
INFO: [ view_filter ] --START--
INFO: Run Behavior\WriteHtmlCacheBehavior [ RunTime:0.001868s ]
INFO: [ view_filter ] --END-- [ RunTime:0.002049s ]
INFO: [ app_end ] --START--
INFO: Run Behavior\ShowPageTraceBehavior [ RunTime:0.002433s ]
INFO: [ app_end ] --END-- [ RunTime:0.002610s ]

[ 2017-09-27T07:43:41+08:00 ] ::1 /tp3a/index.php/Home/AuthInfo/deleteUser.html
INFO: [ app_init ] --START--
INFO: Run Behavior\BuildLiteBehavior [ RunTime:0.000065s ]
INFO: [ app_init ] --END-- [ RunTime:0.002895s ]
INFO: [ app_begin ] --START--
INFO: Run Behavior\ReadHtmlCacheBehavior [ RunTime:0.003001s ]
INFO: [ app_begin ] --END-- [ RunTime:0.003246s ]
SQL: SHOW COLUMNS FROM `think_user` [ RunTime:0.0182s ]
SQL: DELETE FROM `think_user` WHERE `id` = 0 [ RunTime:0.0011s ]

[ 2017-09-27T07:43:43+08:00 ] ::1 /tp3a/index.php/Home/Index/U('AuthInfo/userList')
INFO: [ app_init ] --START--
INFO: Run Behavior\BuildLiteBehavior [ RunTime:0.000051s ]
INFO: [ app_init ] --END-- [ RunTime:0.002834s ]
INFO: [ app_begin ] --START--
INFO: Run Behavior\ReadHtmlCacheBehavior [ RunTime:0.002607s ]
INFO: [ app_begin ] --END-- [ RunTime:0.002842s ]
SQL: SHOW COLUMNS FROM `think_auth_group_access` [ RunTime:0.0248s ]
SQL: SELECT `uid`,`group_id`,`title`,`rules` FROM think_auth_group_access a INNER JOIN think_auth_group g on a.group_id=g.id  WHERE ( a.uid='1' and g.status='1' )  [ RunTime:0.0024s ]
SQL: SHOW COLUMNS FROM `think_auth_rule` [ RunTime:0.0295s ]
SQL: SELECT `condition`,`name` FROM `think_auth_rule` WHERE `id` IN ('\'1','2\'') AND `type` = 1 AND `status` = 1  [ RunTime:0.0023s ]
ERR: 非法操作:U('AuthInfo

[ 2017-09-27T07:46:06+08:00 ] ::1 /tp3a/index.php/Home/Index/userList.html
INFO: [ app_init ] --START--
INFO: Run Behavior\BuildLiteBehavior [ RunTime:0.000070s ]
INFO: [ app_init ] --END-- [ RunTime:0.004111s ]
INFO: [ app_begin ] --START--
INFO: Run Behavior\ReadHtmlCacheBehavior [ RunTime:0.005062s ]
INFO: [ app_begin ] --END-- [ RunTime:0.005374s ]
SQL: SHOW COLUMNS FROM `think_auth_group_access` [ RunTime:0.0220s ]
SQL: SELECT `uid`,`group_id`,`title`,`rules` FROM think_auth_group_access a INNER JOIN think_auth_group g on a.group_id=g.id  WHERE ( a.uid='1' and g.status='1' )  [ RunTime:0.0028s ]
SQL: SHOW COLUMNS FROM `think_auth_rule` [ RunTime:0.0222s ]
SQL: SELECT `condition`,`name` FROM `think_auth_rule` WHERE `id` IN ('\'1','2\'') AND `type` = 1 AND `status` = 1  [ RunTime:0.0017s ]
SQL: SHOW COLUMNS FROM `think_user` [ RunTime:0.0180s ]
SQL: SELECT * FROM `think_user`  [ RunTime:0.0016s ]
INFO: [ view_parse ] --START--
INFO: [ template_filter ] --START--
INFO: Run Behavior\ContentReplaceBehavior [ RunTime:0.000173s ]
INFO: [ template_filter ] --END-- [ RunTime:0.000404s ]
INFO: Run Behavior\ParseTemplateBehavior [ RunTime:0.033317s ]
INFO: [ view_parse ] --END-- [ RunTime:0.033604s ]
INFO: [ view_filter ] --START--
INFO: Run Behavior\WriteHtmlCacheBehavior [ RunTime:0.002746s ]
INFO: [ view_filter ] --END-- [ RunTime:0.002956s ]
INFO: [ app_end ] --START--
INFO: Run Behavior\ShowPageTraceBehavior [ RunTime:0.004081s ]
INFO: [ app_end ] --END-- [ RunTime:0.004316s ]

[ 2017-09-27T07:46:10+08:00 ] ::1 /tp3a/index.php/Home/AuthInfo/deleteUser.html
INFO: [ app_init ] --START--
INFO: Run Behavior\BuildLiteBehavior [ RunTime:0.000055s ]
INFO: [ app_init ] --END-- [ RunTime:0.002019s ]
INFO: [ app_begin ] --START--
INFO: Run Behavior\ReadHtmlCacheBehavior [ RunTime:0.003661s ]
INFO: [ app_begin ] --END-- [ RunTime:0.003964s ]
SQL: SHOW COLUMNS FROM `think_user` [ RunTime:0.0185s ]
SQL: DELETE FROM `think_user` WHERE `id` = 0 [ RunTime:0.0016s ]

[ 2017-09-27T07:46:12+08:00 ] ::1 /tp3a/index.php/Home/AuthInfo/userList.html
INFO: [ app_init ] --START--
INFO: Run Behavior\BuildLiteBehavior [ RunTime:0.000058s ]
INFO: [ app_init ] --END-- [ RunTime:0.002698s ]
INFO: [ app_begin ] --START--
INFO: Run Behavior\ReadHtmlCacheBehavior [ RunTime:0.002482s ]
INFO: [ app_begin ] --END-- [ RunTime:0.002733s ]
ERR: 非法操作:userList

[ 2017-09-27T08:01:07+08:00 ] ::1 /tp3a/index.php/Home/AuthInfo/userList.html
INFO: [ app_init ] --START--
INFO: Run Behavior\BuildLiteBehavior [ RunTime:0.000066s ]
INFO: [ app_init ] --END-- [ RunTime:0.006298s ]
INFO: [ app_begin ] --START--
INFO: Run Behavior\ReadHtmlCacheBehavior [ RunTime:0.004872s ]
INFO: [ app_begin ] --END-- [ RunTime:0.005202s ]
ERR: 非法操作:userList

[ 2017-09-27T08:01:20+08:00 ] ::1 /tp3a/index.php/Home/Index/userList.html
INFO: [ app_init ] --START--
INFO: Run Behavior\BuildLiteBehavior [ RunTime:0.000268s ]
INFO: [ app_init ] --END-- [ RunTime:0.003623s ]
INFO: [ app_begin ] --START--
INFO: Run Behavior\ReadHtmlCacheBehavior [ RunTime:0.003714s ]
INFO: [ app_begin ] --END-- [ RunTime:0.003931s ]
SQL: SHOW COLUMNS FROM `think_auth_group_access` [ RunTime:0.0464s ]
SQL: SELECT `uid`,`group_id`,`title`,`rules` FROM think_auth_group_access a INNER JOIN think_auth_group g on a.group_id=g.id  WHERE ( a.uid='1' and g.status='1' )  [ RunTime:0.0095s ]
SQL: SHOW COLUMNS FROM `think_auth_rule` [ RunTime:0.0218s ]
SQL: SELECT `condition`,`name` FROM `think_auth_rule` WHERE `id` IN ('\'1','2\'') AND `type` = 1 AND `status` = 1  [ RunTime:0.0042s ]
SQL: SHOW COLUMNS FROM `think_user` [ RunTime:0.0198s ]
SQL: SELECT * FROM `think_user`  [ RunTime:0.0018s ]
INFO: [ view_parse ] --START--
INFO: [ template_filter ] --START--
INFO: Run Behavior\ContentReplaceBehavior [ RunTime:0.002487s ]
INFO: [ template_filter ] --END-- [ RunTime:0.002698s ]
INFO: Run Behavior\ParseTemplateBehavior [ RunTime:0.046011s ]
INFO: [ view_parse ] --END-- [ RunTime:0.046235s ]
INFO: [ view_filter ] --START--
INFO: Run Behavior\WriteHtmlCacheBehavior [ RunTime:0.004112s ]
INFO: [ view_filter ] --END-- [ RunTime:0.004297s ]
INFO: [ app_end ] --START--
INFO: Run Behavior\ShowPageTraceBehavior [ RunTime:0.004271s ]
INFO: [ app_end ] --END-- [ RunTime:0.004459s ]

[ 2017-09-27T08:01:38+08:00 ] ::1 /tp3a/index.php/Home/AuthInfo/deleteUser.html
INFO: [ app_init ] --START--
INFO: Run Behavior\BuildLiteBehavior [ RunTime:0.000064s ]
INFO: [ app_init ] --END-- [ RunTime:0.003158s ]
INFO: [ app_begin ] --START--
INFO: Run Behavior\ReadHtmlCacheBehavior [ RunTime:0.004861s ]
INFO: [ app_begin ] --END-- [ RunTime:0.005143s ]
SQL: SHOW COLUMNS FROM `think_user` [ RunTime:0.0156s ]
SQL: DELETE FROM `think_user` WHERE `id` = 0 [ RunTime:0.0012s ]

[ 2017-09-27T08:01:39+08:00 ] ::1 /tp3a/index.php/Home/AuthInfo/userList.html
INFO: [ app_init ] --START--
INFO: Run Behavior\BuildLiteBehavior [ RunTime:0.000051s ]
INFO: [ app_init ] --END-- [ RunTime:0.002427s ]
INFO: [ app_begin ] --START--
INFO: Run Behavior\ReadHtmlCacheBehavior [ RunTime:0.002592s ]
INFO: [ app_begin ] --END-- [ RunTime:0.002819s ]
ERR: 非法操作:userList

[ 2017-09-27T08:04:08+08:00 ] ::1 /tp3a/index.php/Home/Index/userList.html
INFO: [ app_init ] --START--
INFO: Run Behavior\BuildLiteBehavior [ RunTime:0.000051s ]
INFO: [ app_init ] --END-- [ RunTime:0.002236s ]
INFO: [ app_begin ] --START--
INFO: Run Behavior\ReadHtmlCacheBehavior [ RunTime:0.004569s ]
INFO: [ app_begin ] --END-- [ RunTime:0.004809s ]
SQL: SHOW COLUMNS FROM `think_auth_group_access` [ RunTime:0.0176s ]
SQL: SELECT `uid`,`group_id`,`title`,`rules` FROM think_auth_group_access a INNER JOIN think_auth_group g on a.group_id=g.id  WHERE ( a.uid='1' and g.status='1' )  [ RunTime:0.0018s ]
SQL: SHOW COLUMNS FROM `think_auth_rule` [ RunTime:0.0196s ]
SQL: SELECT `condition`,`name` FROM `think_auth_rule` WHERE `id` IN ('\'1','2\'') AND `type` = 1 AND `status` = 1  [ RunTime:0.0027s ]
SQL: SHOW COLUMNS FROM `think_user` [ RunTime:0.0191s ]
SQL: SELECT * FROM `think_user`  [ RunTime:0.0016s ]
INFO: [ view_parse ] --START--
INFO: [ template_filter ] --START--
INFO: Run Behavior\ContentReplaceBehavior [ RunTime:0.000145s ]
INFO: [ template_filter ] --END-- [ RunTime:0.000335s ]
INFO: Run Behavior\ParseTemplateBehavior [ RunTime:0.032319s ]
INFO: [ view_parse ] --END-- [ RunTime:0.032565s ]
INFO: [ view_filter ] --START--
INFO: Run Behavior\WriteHtmlCacheBehavior [ RunTime:0.002754s ]
INFO: [ view_filter ] --END-- [ RunTime:0.003292s ]
INFO: [ app_end ] --START--
INFO: Run Behavior\ShowPageTraceBehavior [ RunTime:0.003371s ]
INFO: [ app_end ] --END-- [ RunTime:0.003588s ]

[ 2017-09-27T08:04:12+08:00 ] ::1 /tp3a/index.php/Home/AuthInfo/deleteUser.html
INFO: [ app_init ] --START--
INFO: Run Behavior\BuildLiteBehavior [ RunTime:0.000085s ]
INFO: [ app_init ] --END-- [ RunTime:0.003126s ]
INFO: [ app_begin ] --START--
INFO: Run Behavior\ReadHtmlCacheBehavior [ RunTime:0.002523s ]
INFO: [ app_begin ] --END-- [ RunTime:0.002731s ]
SQL: SHOW COLUMNS FROM `think_user` [ RunTime:0.0161s ]
SQL: DELETE FROM `think_user` WHERE `id` = 0 [ RunTime:0.0013s ]

[ 2017-09-27T08:05:09+08:00 ] ::1 /tp3a/index.php/Home/Index/userList.html
INFO: [ app_init ] --START--
INFO: Run Behavior\BuildLiteBehavior [ RunTime:0.000051s ]
INFO: [ app_init ] --END-- [ RunTime:0.002101s ]
INFO: [ app_begin ] --START--
INFO: Run Behavior\ReadHtmlCacheBehavior [ RunTime:0.003097s ]
INFO: [ app_begin ] --END-- [ RunTime:0.003339s ]
SQL: SHOW COLUMNS FROM `think_auth_group_access` [ RunTime:0.0168s ]
SQL: SELECT `uid`,`group_id`,`title`,`rules` FROM think_auth_group_access a INNER JOIN think_auth_group g on a.group_id=g.id  WHERE ( a.uid='1' and g.status='1' )  [ RunTime:0.0020s ]
SQL: SHOW COLUMNS FROM `think_auth_rule` [ RunTime:0.0169s ]
SQL: SELECT `condition`,`name` FROM `think_auth_rule` WHERE `id` IN ('\'1','2\'') AND `type` = 1 AND `status` = 1  [ RunTime:0.0020s ]
SQL: SHOW COLUMNS FROM `think_user` [ RunTime:0.0228s ]
SQL: SELECT * FROM `think_user`  [ RunTime:0.0015s ]
INFO: [ view_parse ] --START--
INFO: [ template_filter ] --START--
INFO: Run Behavior\ContentReplaceBehavior [ RunTime:0.000151s ]
INFO: [ template_filter ] --END-- [ RunTime:0.000370s ]
INFO: Run Behavior\ParseTemplateBehavior [ RunTime:0.027751s ]
INFO: [ view_parse ] --END-- [ RunTime:0.027976s ]
INFO: [ view_filter ] --START--
INFO: Run Behavior\WriteHtmlCacheBehavior [ RunTime:0.002145s ]
INFO: [ view_filter ] --END-- [ RunTime:0.002338s ]
INFO: [ app_end ] --START--
INFO: Run Behavior\ShowPageTraceBehavior [ RunTime:0.002813s ]
INFO: [ app_end ] --END-- [ RunTime:0.003031s ]

[ 2017-09-27T08:05:12+08:00 ] ::1 /tp3a/index.php/Home/AuthInfo/deleteUser.html
INFO: [ app_init ] --START--
INFO: Run Behavior\BuildLiteBehavior [ RunTime:0.000049s ]
INFO: [ app_init ] --END-- [ RunTime:0.001908s ]
INFO: [ app_begin ] --START--
INFO: Run Behavior\ReadHtmlCacheBehavior [ RunTime:0.003698s ]
INFO: [ app_begin ] --END-- [ RunTime:0.004005s ]
SQL: SHOW COLUMNS FROM `think_user` [ RunTime:0.0216s ]
SQL: DELETE FROM `think_user` WHERE `id` = 0 [ RunTime:0.0015s ]

[ 2017-09-27T08:05:31+08:00 ] ::1 /tp3a/index.php/Home/Index/userList.html
INFO: [ app_init ] --START--
INFO: Run Behavior\BuildLiteBehavior [ RunTime:0.000051s ]
INFO: [ app_init ] --END-- [ RunTime:0.002133s ]
INFO: [ app_begin ] --START--
INFO: Run Behavior\ReadHtmlCacheBehavior [ RunTime:0.004630s ]
INFO: [ app_begin ] --END-- [ RunTime:0.005295s ]
SQL: SHOW COLUMNS FROM `think_auth_group_access` [ RunTime:0.0197s ]
SQL: SELECT `uid`,`group_id`,`title`,`rules` FROM think_auth_group_access a INNER JOIN think_auth_group g on a.group_id=g.id  WHERE ( a.uid='1' and g.status='1' )  [ RunTime:0.0019s ]
SQL: SHOW COLUMNS FROM `think_auth_rule` [ RunTime:0.0168s ]
SQL: SELECT `condition`,`name` FROM `think_auth_rule` WHERE `id` IN ('\'1','2\'') AND `type` = 1 AND `status` = 1  [ RunTime:0.0023s ]
SQL: SHOW COLUMNS FROM `think_user` [ RunTime:0.0167s ]
SQL: SELECT * FROM `think_user`  [ RunTime:0.0017s ]
INFO: [ view_parse ] --START--
INFO: [ template_filter ] --START--
INFO: Run Behavior\ContentReplaceBehavior [ RunTime:0.000145s ]
INFO: [ template_filter ] --END-- [ RunTime:0.000350s ]
INFO: Run Behavior\ParseTemplateBehavior [ RunTime:0.030131s ]
INFO: [ view_parse ] --END-- [ RunTime:0.030369s ]
INFO: [ view_filter ] --START--
INFO: Run Behavior\WriteHtmlCacheBehavior [ RunTime:0.002691s ]
INFO: [ view_filter ] --END-- [ RunTime:0.002892s ]
INFO: [ app_end ] --START--
INFO: Run Behavior\ShowPageTraceBehavior [ RunTime:0.003279s ]
INFO: [ app_end ] --END-- [ RunTime:0.003493s ]

[ 2017-09-27T08:05:33+08:00 ] ::1 /tp3a/index.php/Home/AuthInfo/deleteUser.html
INFO: [ app_init ] --START--
INFO: Run Behavior\BuildLiteBehavior [ RunTime:0.000050s ]
INFO: [ app_init ] --END-- [ RunTime:0.001961s ]
INFO: [ app_begin ] --START--
INFO: Run Behavior\ReadHtmlCacheBehavior [ RunTime:0.005856s ]
INFO: [ app_begin ] --END-- [ RunTime:0.006130s ]
SQL: SHOW COLUMNS FROM `think_user` [ RunTime:0.0181s ]
SQL: DELETE FROM `think_user` WHERE `id` = 0 [ RunTime:0.0012s ]

[ 2017-09-27T08:06:47+08:00 ] ::1 /tp3a/index.php/Home/Index/userList.html
INFO: [ app_init ] --START--
INFO: Run Behavior\BuildLiteBehavior [ RunTime:0.000063s ]
INFO: [ app_init ] --END-- [ RunTime:0.002355s ]
INFO: [ app_begin ] --START--
INFO: Run Behavior\ReadHtmlCacheBehavior [ RunTime:0.003089s ]
INFO: [ app_begin ] --END-- [ RunTime:0.003318s ]
SQL: SHOW COLUMNS FROM `think_auth_group_access` [ RunTime:0.0188s ]
SQL: SELECT `uid`,`group_id`,`title`,`rules` FROM think_auth_group_access a INNER JOIN think_auth_group g on a.group_id=g.id  WHERE ( a.uid='1' and g.status='1' )  [ RunTime:0.0020s ]
SQL: SHOW COLUMNS FROM `think_auth_rule` [ RunTime:0.0214s ]
SQL: SELECT `condition`,`name` FROM `think_auth_rule` WHERE `id` IN ('\'1','2\'') AND `type` = 1 AND `status` = 1  [ RunTime:0.0015s ]
SQL: SHOW COLUMNS FROM `think_user` [ RunTime:0.0160s ]
SQL: SELECT * FROM `think_user`  [ RunTime:0.0014s ]
INFO: [ view_parse ] --START--
INFO: [ template_filter ] --START--
INFO: Run Behavior\ContentReplaceBehavior [ RunTime:0.000141s ]
INFO: [ template_filter ] --END-- [ RunTime:0.000343s ]
INFO: Run Behavior\ParseTemplateBehavior [ RunTime:0.030495s ]
INFO: [ view_parse ] --END-- [ RunTime:0.030716s ]
INFO: [ view_filter ] --START--
INFO: Run Behavior\WriteHtmlCacheBehavior [ RunTime:0.003473s ]
INFO: [ view_filter ] --END-- [ RunTime:0.003686s ]
INFO: [ app_end ] --START--
INFO: Run Behavior\ShowPageTraceBehavior [ RunTime:0.003273s ]
INFO: [ app_end ] --END-- [ RunTime:0.003464s ]

[ 2017-09-27T08:06:50+08:00 ] ::1 /tp3a/index.php/Home/AuthInfo/deleteUser.html
INFO: [ app_init ] --START--
INFO: Run Behavior\BuildLiteBehavior [ RunTime:0.000062s ]
INFO: [ app_init ] --END-- [ RunTime:0.002397s ]
INFO: [ app_begin ] --START--
INFO: Run Behavior\ReadHtmlCacheBehavior [ RunTime:0.002475s ]
INFO: [ app_begin ] --END-- [ RunTime:0.002702s ]

[ 2017-09-27T08:07:36+08:00 ] ::1 /tp3a/index.php/Home/Index/userList.html
INFO: [ app_init ] --START--
INFO: Run Behavior\BuildLiteBehavior [ RunTime:0.000080s ]
INFO: [ app_init ] --END-- [ RunTime:0.003136s ]
INFO: [ app_begin ] --START--
INFO: Run Behavior\ReadHtmlCacheBehavior [ RunTime:0.005476s ]
INFO: [ app_begin ] --END-- [ RunTime:0.005909s ]
SQL: SHOW COLUMNS FROM `think_auth_group_access` [ RunTime:0.0189s ]
SQL: SELECT `uid`,`group_id`,`title`,`rules` FROM think_auth_group_access a INNER JOIN think_auth_group g on a.group_id=g.id  WHERE ( a.uid='1' and g.status='1' )  [ RunTime:0.0016s ]
SQL: SHOW COLUMNS FROM `think_auth_rule` [ RunTime:0.0201s ]
SQL: SELECT `condition`,`name` FROM `think_auth_rule` WHERE `id` IN ('\'1','2\'') AND `type` = 1 AND `status` = 1  [ RunTime:0.0014s ]
SQL: SHOW COLUMNS FROM `think_user` [ RunTime:0.0157s ]
SQL: SELECT * FROM `think_user`  [ RunTime:0.0014s ]
INFO: [ view_parse ] --START--
INFO: [ template_filter ] --START--
INFO: Run Behavior\ContentReplaceBehavior [ RunTime:0.000152s ]
INFO: [ template_filter ] --END-- [ RunTime:0.000367s ]
INFO: Run Behavior\ParseTemplateBehavior [ RunTime:0.029976s ]
INFO: [ view_parse ] --END-- [ RunTime:0.030223s ]
INFO: [ view_filter ] --START--
INFO: Run Behavior\WriteHtmlCacheBehavior [ RunTime:0.002290s ]
INFO: [ view_filter ] --END-- [ RunTime:0.002471s ]
INFO: [ app_end ] --START--
INFO: Run Behavior\ShowPageTraceBehavior [ RunTime:0.003114s ]
INFO: [ app_end ] --END-- [ RunTime:0.003322s ]

[ 2017-09-27T08:08:07+08:00 ] ::1 /tp3a/index.php/Home/Index/userList.html
INFO: [ app_init ] --START--
INFO: Run Behavior\BuildLiteBehavior [ RunTime:0.000059s ]
INFO: [ app_init ] --END-- [ RunTime:0.003225s ]
INFO: [ app_begin ] --START--
INFO: Run Behavior\ReadHtmlCacheBehavior [ RunTime:0.005398s ]
INFO: [ app_begin ] --END-- [ RunTime:0.005644s ]
SQL: SHOW COLUMNS FROM `think_auth_group_access` [ RunTime:0.0178s ]
SQL: SELECT `uid`,`group_id`,`title`,`rules` FROM think_auth_group_access a INNER JOIN think_auth_group g on a.group_id=g.id  WHERE ( a.uid='1' and g.status='1' )  [ RunTime:0.0016s ]
SQL: SHOW COLUMNS FROM `think_auth_rule` [ RunTime:0.0164s ]
SQL: SELECT `condition`,`name` FROM `think_auth_rule` WHERE `id` IN ('\'1','2\'') AND `type` = 1 AND `status` = 1  [ RunTime:0.0019s ]
SQL: SHOW COLUMNS FROM `think_user` [ RunTime:0.0160s ]
SQL: SELECT * FROM `think_user`  [ RunTime:0.0015s ]
INFO: [ view_parse ] --START--
INFO: [ template_filter ] --START--
INFO: Run Behavior\ContentReplaceBehavior [ RunTime:0.000147s ]
INFO: [ template_filter ] --END-- [ RunTime:0.000386s ]
INFO: Run Behavior\ParseTemplateBehavior [ RunTime:0.028737s ]
INFO: [ view_parse ] --END-- [ RunTime:0.028968s ]
INFO: [ view_filter ] --START--
INFO: Run Behavior\WriteHtmlCacheBehavior [ RunTime:0.002225s ]
INFO: [ view_filter ] --END-- [ RunTime:0.002410s ]
INFO: [ app_end ] --START--
INFO: Run Behavior\ShowPageTraceBehavior [ RunTime:0.002725s ]
INFO: [ app_end ] --END-- [ RunTime:0.002941s ]

[ 2017-09-27T08:08:11+08:00 ] ::1 /tp3a/index.php/Home/AuthInfo/deleteUser.html
INFO: [ app_init ] --START--
INFO: Run Behavior\BuildLiteBehavior [ RunTime:0.000064s ]
INFO: [ app_init ] --END-- [ RunTime:0.002842s ]
INFO: [ app_begin ] --START--
INFO: Run Behavior\ReadHtmlCacheBehavior [ RunTime:0.002703s ]
INFO: [ app_begin ] --END-- [ RunTime:0.002930s ]
SQL: SHOW COLUMNS FROM `think_user` [ RunTime:0.0163s ]
SQL: DELETE FROM `think_user` WHERE `id` = 8 [ RunTime:0.0044s ]
SQL: SHOW COLUMNS FROM `think_auth_group_access` [ RunTime:0.0178s ]
NOTIC: [2] Illegal offset type in isset or empty C:\xampp\htdocs\tp3a\ThinkPHP\Library\Think\Model.class.php 第 511 行.
SQL: DELETE FROM `think_auth_group_access` WHERE `uid` = 8 [ RunTime:0.0019s ]

[ 2017-09-27T08:08:49+08:00 ] ::1 /tp3a/index.php/Home/Index/userList.html
INFO: [ app_init ] --START--
INFO: Run Behavior\BuildLiteBehavior [ RunTime:0.000079s ]
INFO: [ app_init ] --END-- [ RunTime:0.003328s ]
INFO: [ app_begin ] --START--
INFO: Run Behavior\ReadHtmlCacheBehavior [ RunTime:0.003139s ]
INFO: [ app_begin ] --END-- [ RunTime:0.003368s ]
SQL: SHOW COLUMNS FROM `think_auth_group_access` [ RunTime:0.0186s ]
SQL: SELECT `uid`,`group_id`,`title`,`rules` FROM think_auth_group_access a INNER JOIN think_auth_group g on a.group_id=g.id  WHERE ( a.uid='1' and g.status='1' )  [ RunTime:0.0018s ]
SQL: SHOW COLUMNS FROM `think_auth_rule` [ RunTime:0.0167s ]
SQL: SELECT `condition`,`name` FROM `think_auth_rule` WHERE `id` IN ('\'1','2\'') AND `type` = 1 AND `status` = 1  [ RunTime:0.0014s ]
SQL: SHOW COLUMNS FROM `think_user` [ RunTime:0.0149s ]
SQL: SELECT * FROM `think_user`  [ RunTime:0.0015s ]
INFO: [ view_parse ] --START--
INFO: [ template_filter ] --START--
INFO: Run Behavior\ContentReplaceBehavior [ RunTime:0.000151s ]
INFO: [ template_filter ] --END-- [ RunTime:0.000381s ]
INFO: Run Behavior\ParseTemplateBehavior [ RunTime:0.029255s ]
INFO: [ view_parse ] --END-- [ RunTime:0.029477s ]
INFO: [ view_filter ] --START--
INFO: Run Behavior\WriteHtmlCacheBehavior [ RunTime:0.002431s ]
INFO: [ view_filter ] --END-- [ RunTime:0.002609s ]
INFO: [ app_end ] --START--
INFO: Run Behavior\ShowPageTraceBehavior [ RunTime:0.002949s ]
INFO: [ app_end ] --END-- [ RunTime:0.003213s ]

[ 2017-09-27T08:08:53+08:00 ] ::1 /tp3a/index.php/Home/AuthInfo/addUser.html
INFO: [ app_init ] --START--
INFO: Run Behavior\BuildLiteBehavior [ RunTime:0.000052s ]
INFO: [ app_init ] --END-- [ RunTime:0.002150s ]
INFO: [ app_begin ] --START--
INFO: Run Behavior\ReadHtmlCacheBehavior [ RunTime:0.003292s ]
INFO: [ app_begin ] --END-- [ RunTime:0.003518s ]
SQL: SHOW COLUMNS FROM `think_auth_group` [ RunTime:0.0201s ]
SQL: SELECT `id`,`title` FROM `think_auth_group`  [ RunTime:0.0017s ]
INFO: [ view_parse ] --START--
INFO: [ template_filter ] --START--
INFO: Run Behavior\ContentReplaceBehavior [ RunTime:0.000128s ]
INFO: [ template_filter ] --END-- [ RunTime:0.000328s ]
INFO: Run Behavior\ParseTemplateBehavior [ RunTime:0.035478s ]
INFO: [ view_parse ] --END-- [ RunTime:0.035718s ]
INFO: [ view_filter ] --START--
INFO: Run Behavior\WriteHtmlCacheBehavior [ RunTime:0.002214s ]
INFO: [ view_filter ] --END-- [ RunTime:0.002400s ]
INFO: [ app_end ] --START--
INFO: Run Behavior\ShowPageTraceBehavior [ RunTime:0.002571s ]
INFO: [ app_end ] --END-- [ RunTime:0.002779s ]

[ 2017-09-27T08:09:20+08:00 ] ::1 /tp3a/index.php/Home/AuthInfo/addUser.html
INFO: [ app_init ] --START--
INFO: Run Behavior\BuildLiteBehavior [ RunTime:0.000057s ]
INFO: [ app_init ] --END-- [ RunTime:0.002313s ]
INFO: [ app_begin ] --START--
INFO: Run Behavior\ReadHtmlCacheBehavior [ RunTime:0.003344s ]
INFO: [ app_begin ] --END-- [ RunTime:0.003584s ]
SQL: SHOW COLUMNS FROM `think_user` [ RunTime:0.0171s ]
SQL: SELECT * FROM `think_user` WHERE `username` = 'aad' LIMIT 1   [ RunTime:0.0016s ]
SQL: INSERT INTO `think_user` (`username`,`password`,`logintime`,`loginip`,`status`) VALUES ('aad','c2f7ab46df3db842040a86a0897a5377','1506470960','0.0.0.0','0') [ RunTime:0.0047s ]
SQL: SHOW COLUMNS FROM `think_auth_group_access` [ RunTime:0.0154s ]
SQL: INSERT INTO `think_auth_group_access` (`uid`,`group_id`) VALUES ('9','2') [ RunTime:0.0015s ]
INFO: [ view_parse ] --START--
INFO: [ template_filter ] --START--
INFO: Run Behavior\ContentReplaceBehavior [ RunTime:0.000132s ]
INFO: [ template_filter ] --END-- [ RunTime:0.000314s ]
INFO: Run Behavior\ParseTemplateBehavior [ RunTime:0.026541s ]
INFO: [ view_parse ] --END-- [ RunTime:0.026821s ]
INFO: [ view_filter ] --START--
INFO: Run Behavior\WriteHtmlCacheBehavior [ RunTime:0.001984s ]
INFO: [ view_filter ] --END-- [ RunTime:0.002160s ]
INFO: [ app_end ] --START--
INFO: Run Behavior\ShowPageTraceBehavior [ RunTime:0.002520s ]
INFO: [ app_end ] --END-- [ RunTime:0.002705s ]

[ 2017-09-27T08:09:22+08:00 ] ::1 /tp3a/index.php/Home/Index/userList.html
INFO: [ app_init ] --START--
INFO: Run Behavior\BuildLiteBehavior [ RunTime:0.000051s ]
INFO: [ app_init ] --END-- [ RunTime:0.002132s ]
INFO: [ app_begin ] --START--
INFO: Run Behavior\ReadHtmlCacheBehavior [ RunTime:0.002935s ]
INFO: [ app_begin ] --END-- [ RunTime:0.003205s ]
SQL: SHOW COLUMNS FROM `think_auth_group_access` [ RunTime:0.0179s ]
SQL: SELECT `uid`,`group_id`,`title`,`rules` FROM think_auth_group_access a INNER JOIN think_auth_group g on a.group_id=g.id  WHERE ( a.uid='1' and g.status='1' )  [ RunTime:0.0015s ]
SQL: SHOW COLUMNS FROM `think_auth_rule` [ RunTime:0.0157s ]
SQL: SELECT `condition`,`name` FROM `think_auth_rule` WHERE `id` IN ('\'1','2\'') AND `type` = 1 AND `status` = 1  [ RunTime:0.0014s ]
SQL: SHOW COLUMNS FROM `think_user` [ RunTime:0.0174s ]
SQL: SELECT * FROM `think_user`  [ RunTime:0.0015s ]
INFO: [ view_parse ] --START--
INFO: [ template_filter ] --START--
INFO: Run Behavior\ContentReplaceBehavior [ RunTime:0.000143s ]
INFO: [ template_filter ] --END-- [ RunTime:0.000334s ]
INFO: Run Behavior\ParseTemplateBehavior [ RunTime:0.027482s ]
INFO: [ view_parse ] --END-- [ RunTime:0.027687s ]
INFO: [ view_filter ] --START--
INFO: Run Behavior\WriteHtmlCacheBehavior [ RunTime:0.001816s ]
INFO: [ view_filter ] --END-- [ RunTime:0.001999s ]
INFO: [ app_end ] --START--
INFO: Run Behavior\ShowPageTraceBehavior [ RunTime:0.002495s ]
INFO: [ app_end ] --END-- [ RunTime:0.002714s ]

[ 2017-09-27T08:09:26+08:00 ] ::1 /tp3a/index.php/Home/AuthInfo/deleteUser.html
INFO: [ app_init ] --START--
INFO: Run Behavior\BuildLiteBehavior [ RunTime:0.000054s ]
INFO: [ app_init ] --END-- [ RunTime:0.001972s ]
INFO: [ app_begin ] --START--
INFO: Run Behavior\ReadHtmlCacheBehavior [ RunTime:0.005190s ]
INFO: [ app_begin ] --END-- [ RunTime:0.005445s ]
SQL: SHOW COLUMNS FROM `think_user` [ RunTime:0.0166s ]
SQL: DELETE FROM `think_user` WHERE `id` = 9 [ RunTime:0.0034s ]
SQL: SHOW COLUMNS FROM `think_auth_group_access` [ RunTime:0.0166s ]
NOTIC: [2] Illegal offset type in isset or empty C:\xampp\htdocs\tp3a\ThinkPHP\Library\Think\Model.class.php 第 511 行.
SQL: DELETE FROM `think_auth_group_access` WHERE `uid` = 9 [ RunTime:0.0013s ]

[ 2017-09-27T08:09:27+08:00 ] ::1 /tp3a/index.php/Home/Index/userList.html
INFO: [ app_init ] --START--
INFO: Run Behavior\BuildLiteBehavior [ RunTime:0.000052s ]
INFO: [ app_init ] --END-- [ RunTime:0.002362s ]
INFO: [ app_begin ] --START--
INFO: Run Behavior\ReadHtmlCacheBehavior [ RunTime:0.002885s ]
INFO: [ app_begin ] --END-- [ RunTime:0.003111s ]
SQL: SHOW COLUMNS FROM `think_auth_group_access` [ RunTime:0.0378s ]
SQL: SELECT `uid`,`group_id`,`title`,`rules` FROM think_auth_group_access a INNER JOIN think_auth_group g on a.group_id=g.id  WHERE ( a.uid='1' and g.status='1' )  [ RunTime:0.0036s ]
SQL: SHOW COLUMNS FROM `think_auth_rule` [ RunTime:0.0341s ]
SQL: SELECT `condition`,`name` FROM `think_auth_rule` WHERE `id` IN ('\'1','2\'') AND `type` = 1 AND `status` = 1  [ RunTime:0.0029s ]
SQL: SHOW COLUMNS FROM `think_user` [ RunTime:0.0216s ]
SQL: SELECT * FROM `think_user`  [ RunTime:0.0016s ]
INFO: [ view_parse ] --START--
INFO: [ template_filter ] --START--
INFO: Run Behavior\ContentReplaceBehavior [ RunTime:0.000147s ]
INFO: [ template_filter ] --END-- [ RunTime:0.000398s ]
INFO: Run Behavior\ParseTemplateBehavior [ RunTime:0.026884s ]
INFO: [ view_parse ] --END-- [ RunTime:0.027108s ]
INFO: [ view_filter ] --START--
INFO: Run Behavior\WriteHtmlCacheBehavior [ RunTime:0.001671s ]
INFO: [ view_filter ] --END-- [ RunTime:0.001838s ]
INFO: [ app_end ] --START--
INFO: Run Behavior\ShowPageTraceBehavior [ RunTime:0.002311s ]
INFO: [ app_end ] --END-- [ RunTime:0.002512s ]

[ 2017-09-27T08:09:54+08:00 ] ::1 /tp3a/index.php/Home/Index/userList.html
INFO: [ app_init ] --START--
INFO: Run Behavior\BuildLiteBehavior [ RunTime:0.000069s ]
INFO: [ app_init ] --END-- [ RunTime:0.002607s ]
INFO: [ app_begin ] --START--
INFO: Run Behavior\ReadHtmlCacheBehavior [ RunTime:0.004819s ]
INFO: [ app_begin ] --END-- [ RunTime:0.005256s ]
SQL: SHOW COLUMNS FROM `think_auth_group_access` [ RunTime:0.0165s ]
SQL: SELECT `uid`,`group_id`,`title`,`rules` FROM think_auth_group_access a INNER JOIN think_auth_group g on a.group_id=g.id  WHERE ( a.uid='1' and g.status='1' )  [ RunTime:0.0016s ]
SQL: SHOW COLUMNS FROM `think_auth_rule` [ RunTime:0.0179s ]
SQL: SELECT `condition`,`name` FROM `think_auth_rule` WHERE `id` IN ('\'1','2\'') AND `type` = 1 AND `status` = 1  [ RunTime:0.0017s ]
SQL: SHOW COLUMNS FROM `think_user` [ RunTime:0.0179s ]
SQL: SELECT * FROM `think_user`  [ RunTime:0.0025s ]
INFO: [ view_parse ] --START--
INFO: [ template_filter ] --START--
INFO: Run Behavior\ContentReplaceBehavior [ RunTime:0.000137s ]
INFO: [ template_filter ] --END-- [ RunTime:0.000372s ]
INFO: Run Behavior\ParseTemplateBehavior [ RunTime:0.028482s ]
INFO: [ view_parse ] --END-- [ RunTime:0.028713s ]
INFO: [ view_filter ] --START--
INFO: Run Behavior\WriteHtmlCacheBehavior [ RunTime:0.001915s ]
INFO: [ view_filter ] --END-- [ RunTime:0.002092s ]
INFO: [ app_end ] --START--
INFO: Run Behavior\ShowPageTraceBehavior [ RunTime:0.002507s ]
INFO: [ app_end ] --END-- [ RunTime:0.002688s ]

[ 2017-09-27T20:05:05+08:00 ] ::1 /tp3a/index.php/Home/AuthInfo/editUser.html
INFO: [ app_init ] --START--
INFO: Run Behavior\BuildLiteBehavior [ RunTime:0.000051s ]
INFO: [ app_init ] --END-- [ RunTime:0.004922s ]
INFO: [ app_begin ] --START--
INFO: Run Behavior\ReadHtmlCacheBehavior [ RunTime:0.005199s ]
INFO: [ app_begin ] --END-- [ RunTime:0.005484s ]
SQL: SHOW COLUMNS FROM `think_user` [ RunTime:0.0188s ]
SQL: SELECT * FROM `think_user` WHERE `id` = 0  [ RunTime:0.0014s ]
SQL: SHOW COLUMNS FROM `think_auth_group_access` [ RunTime:0.0160s ]
SQL: SELECT * FROM `think_auth_group_access` WHERE `uid` = 0  [ RunTime:0.0044s ]
NOTIC: [8] Undefined variable: user C:\xampp\htdocs\tp3a\Application\Home\Controller\AuthInfoController.class.php 第 112 行.
NOTIC: [8] Undefined variable: group C:\xampp\htdocs\tp3a\Application\Home\Controller\AuthInfoController.class.php 第 112 行.
NOTIC: [2] Invalid argument supplied for foreach() C:\xampp\htdocs\tp3a\Application\Home\Common\function.php 第 8 行.
INFO: [ view_parse ] --START--
INFO: [ template_filter ] --START--
INFO: Run Behavior\ContentReplaceBehavior [ RunTime:0.002507s ]
INFO: [ template_filter ] --END-- [ RunTime:0.002707s ]

[ 2017-09-27T20:06:39+08:00 ] ::1 /tp3a/index.php/Home/AuthInfo/editUser.html
INFO: [ app_init ] --START--
INFO: Run Behavior\BuildLiteBehavior [ RunTime:0.000051s ]
INFO: [ app_init ] --END-- [ RunTime:0.002065s ]
INFO: [ app_begin ] --START--
INFO: Run Behavior\ReadHtmlCacheBehavior [ RunTime:0.003187s ]
INFO: [ app_begin ] --END-- [ RunTime:0.003444s ]
SQL: SHOW COLUMNS FROM `think_user` [ RunTime:0.0177s ]
SQL: SELECT * FROM `think_user` WHERE `id` = 0  [ RunTime:0.0014s ]
SQL: SHOW COLUMNS FROM `think_auth_group_access` [ RunTime:0.0211s ]
SQL: SELECT * FROM `think_auth_group_access` WHERE `uid` = 0  [ RunTime:0.0015s ]
NOTIC: [8] Undefined variable: user C:\xampp\htdocs\tp3a\Application\Home\Controller\AuthInfoController.class.php 第 112 行.
NOTIC: [8] Undefined variable: group C:\xampp\htdocs\tp3a\Application\Home\Controller\AuthInfoController.class.php 第 112 行.
NOTIC: [2] Invalid argument supplied for foreach() C:\xampp\htdocs\tp3a\Application\Home\Common\function.php 第 8 行.
INFO: [ view_parse ] --START--
INFO: [ template_filter ] --START--
INFO: Run Behavior\ContentReplaceBehavior [ RunTime:0.000129s ]
INFO: [ template_filter ] --END-- [ RunTime:0.000335s ]
NOTIC: [8] Undefined index: username C:\xampp\htdocs\tp3a\Application\Runtime\Cache\Home\057da2ac4b6eb09a73e397f6fa339515.php 第 12 行.
NOTIC: [8] Undefined index: password C:\xampp\htdocs\tp3a\Application\Runtime\Cache\Home\057da2ac4b6eb09a73e397f6fa339515.php 第 15 行.
NOTIC: [8] Undefined index: password C:\xampp\htdocs\tp3a\Application\Runtime\Cache\Home\057da2ac4b6eb09a73e397f6fa339515.php 第 18 行.
NOTIC: [8] Undefined variable: userList C:\xampp\htdocs\tp3a\Application\Runtime\Cache\Home\057da2ac4b6eb09a73e397f6fa339515.php 第 24 行.
NOTIC: [8] Undefined variable: userList C:\xampp\htdocs\tp3a\Application\Runtime\Cache\Home\057da2ac4b6eb09a73e397f6fa339515.php 第 27 行.
INFO: Run Behavior\ParseTemplateBehavior [ RunTime:0.028323s ]
INFO: [ view_parse ] --END-- [ RunTime:0.028611s ]
INFO: [ view_filter ] --START--
INFO: Run Behavior\WriteHtmlCacheBehavior [ RunTime:0.006354s ]
INFO: [ view_filter ] --END-- [ RunTime:0.006563s ]
INFO: [ app_end ] --START--
INFO: Run Behavior\ShowPageTraceBehavior [ RunTime:0.004379s ]
INFO: [ app_end ] --END-- [ RunTime:0.004559s ]

[ 2017-09-27T20:11:51+08:00 ] ::1 /tp3a/index.php/Home/AuthInfo/editUser.html
INFO: [ app_init ] --START--
INFO: Run Behavior\BuildLiteBehavior [ RunTime:0.000052s ]
INFO: [ app_init ] --END-- [ RunTime:0.002564s ]
INFO: [ app_begin ] --START--
INFO: Run Behavior\ReadHtmlCacheBehavior [ RunTime:0.004359s ]
INFO: [ app_begin ] --END-- [ RunTime:0.004604s ]
SQL: SHOW COLUMNS FROM `think_user` [ RunTime:0.0218s ]
SQL: SELECT * FROM `think_user` WHERE `id` = 0  [ RunTime:0.0026s ]
SQL: SHOW COLUMNS FROM `think_auth_group_access` [ RunTime:0.0204s ]
SQL: SELECT * FROM `think_auth_group_access` WHERE `uid` = 0  [ RunTime:0.0064s ]
INFO: [ view_parse ] --START--
INFO: [ template_filter ] --START--
INFO: Run Behavior\ContentReplaceBehavior [ RunTime:0.000127s ]
INFO: [ template_filter ] --END-- [ RunTime:0.000330s ]
NOTIC: [8] Undefined index: username C:\xampp\htdocs\tp3a\Application\Runtime\Cache\Home\057da2ac4b6eb09a73e397f6fa339515.php 第 12 行.
NOTIC: [8] Undefined index: password C:\xampp\htdocs\tp3a\Application\Runtime\Cache\Home\057da2ac4b6eb09a73e397f6fa339515.php 第 15 行.
NOTIC: [8] Undefined index: password C:\xampp\htdocs\tp3a\Application\Runtime\Cache\Home\057da2ac4b6eb09a73e397f6fa339515.php 第 18 行.
NOTIC: [8] Undefined variable: userList C:\xampp\htdocs\tp3a\Application\Runtime\Cache\Home\057da2ac4b6eb09a73e397f6fa339515.php 第 24 行.
NOTIC: [8] Undefined variable: userList C:\xampp\htdocs\tp3a\Application\Runtime\Cache\Home\057da2ac4b6eb09a73e397f6fa339515.php 第 27 行.
INFO: Run Behavior\ParseTemplateBehavior [ RunTime:0.037087s ]
INFO: [ view_parse ] --END-- [ RunTime:0.037294s ]
INFO: [ view_filter ] --START--
INFO: Run Behavior\WriteHtmlCacheBehavior [ RunTime:0.002614s ]
INFO: [ view_filter ] --END-- [ RunTime:0.002796s ]
INFO: [ app_end ] --START--
INFO: Run Behavior\ShowPageTraceBehavior [ RunTime:0.003288s ]
INFO: [ app_end ] --END-- [ RunTime:0.003474s ]

[ 2017-09-27T20:12:55+08:00 ] ::1 /tp3a/index.php/Home/Index/userList.html
INFO: [ app_init ] --START--
INFO: Run Behavior\BuildLiteBehavior [ RunTime:0.000056s ]
INFO: [ app_init ] --END-- [ RunTime:0.002414s ]
INFO: [ app_begin ] --START--
INFO: Run Behavior\ReadHtmlCacheBehavior [ RunTime:0.003411s ]
INFO: [ app_begin ] --END-- [ RunTime:0.003646s ]
SQL: SHOW COLUMNS FROM `think_auth_group_access` [ RunTime:0.0207s ]
SQL: SELECT `uid`,`group_id`,`title`,`rules` FROM think_auth_group_access a INNER JOIN think_auth_group g on a.group_id=g.id  WHERE ( a.uid='1' and g.status='1' )  [ RunTime:0.0164s ]
SQL: SHOW COLUMNS FROM `think_auth_rule` [ RunTime:0.0210s ]
SQL: SELECT `condition`,`name` FROM `think_auth_rule` WHERE `id` IN ('\'1','2\'') AND `type` = 1 AND `status` = 1  [ RunTime:0.0039s ]
SQL: SHOW COLUMNS FROM `think_user` [ RunTime:0.0171s ]
SQL: SELECT * FROM `think_user`  [ RunTime:0.0016s ]
INFO: [ view_parse ] --START--
INFO: [ template_filter ] --START--
INFO: Run Behavior\ContentReplaceBehavior [ RunTime:0.000143s ]
INFO: [ template_filter ] --END-- [ RunTime:0.000352s ]
INFO: Run Behavior\ParseTemplateBehavior [ RunTime:0.034577s ]
INFO: [ view_parse ] --END-- [ RunTime:0.034812s ]
INFO: [ view_filter ] --START--
INFO: Run Behavior\WriteHtmlCacheBehavior [ RunTime:0.002579s ]
INFO: [ view_filter ] --END-- [ RunTime:0.002778s ]
INFO: [ app_end ] --START--
INFO: Run Behavior\ShowPageTraceBehavior [ RunTime:0.003424s ]
INFO: [ app_end ] --END-- [ RunTime:0.003704s ]

[ 2017-09-27T20:13:01+08:00 ] ::1 /tp3a/index.php/Home/AuthInfo/editUser/id/3.html
INFO: [ app_init ] --START--
INFO: Run Behavior\BuildLiteBehavior [ RunTime:0.000075s ]
INFO: [ app_init ] --END-- [ RunTime:0.005940s ]
INFO: [ app_begin ] --START--
INFO: Run Behavior\ReadHtmlCacheBehavior [ RunTime:0.002767s ]
INFO: [ app_begin ] --END-- [ RunTime:0.003019s ]
SQL: SHOW COLUMNS FROM `think_user` [ RunTime:0.0212s ]
SQL: SELECT * FROM `think_user` WHERE `id` = 3  [ RunTime:0.0016s ]
SQL: SHOW COLUMNS FROM `think_auth_group_access` [ RunTime:0.0215s ]
SQL: SELECT * FROM `think_auth_group_access` WHERE `uid` = 3  [ RunTime:0.0016s ]
INFO: [ view_parse ] --START--
INFO: [ template_filter ] --START--
INFO: Run Behavior\ContentReplaceBehavior [ RunTime:0.000130s ]
INFO: [ template_filter ] --END-- [ RunTime:0.000344s ]
NOTIC: [8] Undefined index: username C:\xampp\htdocs\tp3a\Application\Runtime\Cache\Home\057da2ac4b6eb09a73e397f6fa339515.php 第 12 行.
NOTIC: [8] Undefined index: password C:\xampp\htdocs\tp3a\Application\Runtime\Cache\Home\057da2ac4b6eb09a73e397f6fa339515.php 第 15 行.
NOTIC: [8] Undefined index: password C:\xampp\htdocs\tp3a\Application\Runtime\Cache\Home\057da2ac4b6eb09a73e397f6fa339515.php 第 18 行.
NOTIC: [8] Undefined variable: userList C:\xampp\htdocs\tp3a\Application\Runtime\Cache\Home\057da2ac4b6eb09a73e397f6fa339515.php 第 24 行.
NOTIC: [8] Undefined variable: userList C:\xampp\htdocs\tp3a\Application\Runtime\Cache\Home\057da2ac4b6eb09a73e397f6fa339515.php 第 27 行.
INFO: Run Behavior\ParseTemplateBehavior [ RunTime:0.032645s ]
INFO: [ view_parse ] --END-- [ RunTime:0.032872s ]
INFO: [ view_filter ] --START--
INFO: Run Behavior\WriteHtmlCacheBehavior [ RunTime:0.002130s ]
INFO: [ view_filter ] --END-- [ RunTime:0.002451s ]
INFO: [ app_end ] --START--
INFO: Run Behavior\ShowPageTraceBehavior [ RunTime:0.002686s ]
INFO: [ app_end ] --END-- [ RunTime:0.002879s ]

[ 2017-09-27T20:13:19+08:00 ] ::1 /tp3a/index.php/Home/AuthInfo/editUser/id/1.html
INFO: [ app_init ] --START--
INFO: Run Behavior\BuildLiteBehavior [ RunTime:0.000052s ]
INFO: [ app_init ] --END-- [ RunTime:0.002217s ]
INFO: [ app_begin ] --START--
INFO: Run Behavior\ReadHtmlCacheBehavior [ RunTime:0.002828s ]
INFO: [ app_begin ] --END-- [ RunTime:0.003053s ]
SQL: SHOW COLUMNS FROM `think_user` [ RunTime:0.0269s ]
SQL: SELECT * FROM `think_user` WHERE `id` = 1  [ RunTime:0.0016s ]
SQL: SHOW COLUMNS FROM `think_auth_group_access` [ RunTime:0.0211s ]
SQL: SELECT * FROM `think_auth_group_access` WHERE `uid` = 1  [ RunTime:0.0013s ]
NOTIC: [2] Illegal offset type C:\xampp\htdocs\tp3a\Application\Home\Common\function.php 第 10 行.
NOTIC: [8] Undefined index: id C:\xampp\htdocs\tp3a\Application\Home\Common\function.php 第 10 行.
INFO: [ view_parse ] --START--
INFO: [ template_filter ] --START--
INFO: Run Behavior\ContentReplaceBehavior [ RunTime:0.000124s ]
INFO: [ template_filter ] --END-- [ RunTime:0.000313s ]
NOTIC: [8] Undefined index: username C:\xampp\htdocs\tp3a\Application\Runtime\Cache\Home\057da2ac4b6eb09a73e397f6fa339515.php 第 12 行.
NOTIC: [8] Undefined index: password C:\xampp\htdocs\tp3a\Application\Runtime\Cache\Home\057da2ac4b6eb09a73e397f6fa339515.php 第 15 行.
NOTIC: [8] Undefined index: password C:\xampp\htdocs\tp3a\Application\Runtime\Cache\Home\057da2ac4b6eb09a73e397f6fa339515.php 第 18 行.
NOTIC: [8] Undefined variable: userList C:\xampp\htdocs\tp3a\Application\Runtime\Cache\Home\057da2ac4b6eb09a73e397f6fa339515.php 第 24 行.
NOTIC: [8] Undefined variable: userList C:\xampp\htdocs\tp3a\Application\Runtime\Cache\Home\057da2ac4b6eb09a73e397f6fa339515.php 第 27 行.
NOTIC: [8] Undefined index: id C:\xampp\htdocs\tp3a\Application\Runtime\Cache\Home\057da2ac4b6eb09a73e397f6fa339515.php 第 35 行.
NOTIC: [8] Undefined index: groupOk C:\xampp\htdocs\tp3a\Application\Runtime\Cache\Home\057da2ac4b6eb09a73e397f6fa339515.php 第 36 行.
NOTIC: [8] Undefined index: title C:\xampp\htdocs\tp3a\Application\Runtime\Cache\Home\057da2ac4b6eb09a73e397f6fa339515.php 第 37 行.
INFO: Run Behavior\ParseTemplateBehavior [ RunTime:0.030111s ]
INFO: [ view_parse ] --END-- [ RunTime:0.030309s ]
INFO: [ view_filter ] --START--
INFO: Run Behavior\WriteHtmlCacheBehavior [ RunTime:0.001989s ]
INFO: [ view_filter ] --END-- [ RunTime:0.002162s ]
INFO: [ app_end ] --START--
INFO: Run Behavior\ShowPageTraceBehavior [ RunTime:0.002954s ]
INFO: [ app_end ] --END-- [ RunTime:0.003140s ]

[ 2017-09-27T20:16:08+08:00 ] ::1 /tp3a/index.php/Home/AuthInfo/editUser/id/1.html
INFO: [ app_init ] --START--
INFO: Run Behavior\BuildLiteBehavior [ RunTime:0.000056s ]
INFO: [ app_init ] --END-- [ RunTime:0.002680s ]
INFO: [ app_begin ] --START--
INFO: Run Behavior\ReadHtmlCacheBehavior [ RunTime:0.003830s ]
INFO: [ app_begin ] --END-- [ RunTime:0.004059s ]
SQL: SHOW COLUMNS FROM `think_user` [ RunTime:0.0315s ]
SQL: SELECT * FROM `think_user` WHERE `id` = 1  [ RunTime:0.0016s ]
SQL: SHOW COLUMNS FROM `think_auth_group_access` [ RunTime:0.0174s ]
SQL: SELECT * FROM `think_auth_group_access`  [ RunTime:0.0015s ]
NOTIC: [2] Illegal offset type C:\xampp\htdocs\tp3a\Application\Home\Common\function.php 第 10 行.
NOTIC: [8] Undefined index: id C:\xampp\htdocs\tp3a\Application\Home\Common\function.php 第 10 行.
NOTIC: [2] Illegal offset type C:\xampp\htdocs\tp3a\Application\Home\Common\function.php 第 10 行.
NOTIC: [8] Undefined index: id C:\xampp\htdocs\tp3a\Application\Home\Common\function.php 第 10 行.
INFO: [ view_parse ] --START--
INFO: [ template_filter ] --START--
INFO: Run Behavior\ContentReplaceBehavior [ RunTime:0.000133s ]
INFO: [ template_filter ] --END-- [ RunTime:0.000333s ]
NOTIC: [8] Undefined index: username C:\xampp\htdocs\tp3a\Application\Runtime\Cache\Home\057da2ac4b6eb09a73e397f6fa339515.php 第 12 行.
NOTIC: [8] Undefined index: password C:\xampp\htdocs\tp3a\Application\Runtime\Cache\Home\057da2ac4b6eb09a73e397f6fa339515.php 第 15 行.
NOTIC: [8] Undefined index: password C:\xampp\htdocs\tp3a\Application\Runtime\Cache\Home\057da2ac4b6eb09a73e397f6fa339515.php 第 18 行.
NOTIC: [8] Undefined variable: userList C:\xampp\htdocs\tp3a\Application\Runtime\Cache\Home\057da2ac4b6eb09a73e397f6fa339515.php 第 24 行.
NOTIC: [8] Undefined variable: userList C:\xampp\htdocs\tp3a\Application\Runtime\Cache\Home\057da2ac4b6eb09a73e397f6fa339515.php 第 27 行.
NOTIC: [8] Undefined index: id C:\xampp\htdocs\tp3a\Application\Runtime\Cache\Home\057da2ac4b6eb09a73e397f6fa339515.php 第 35 行.
NOTIC: [8] Undefined index: groupOk C:\xampp\htdocs\tp3a\Application\Runtime\Cache\Home\057da2ac4b6eb09a73e397f6fa339515.php 第 36 行.
NOTIC: [8] Undefined index: title C:\xampp\htdocs\tp3a\Application\Runtime\Cache\Home\057da2ac4b6eb09a73e397f6fa339515.php 第 37 行.
NOTIC: [8] Undefined index: id C:\xampp\htdocs\tp3a\Application\Runtime\Cache\Home\057da2ac4b6eb09a73e397f6fa339515.php 第 35 行.
NOTIC: [8] Undefined index: groupOk C:\xampp\htdocs\tp3a\Application\Runtime\Cache\Home\057da2ac4b6eb09a73e397f6fa339515.php 第 36 行.
NOTIC: [8] Undefined index: title C:\xampp\htdocs\tp3a\Application\Runtime\Cache\Home\057da2ac4b6eb09a73e397f6fa339515.php 第 37 行.
INFO: Run Behavior\ParseTemplateBehavior [ RunTime:0.032470s ]
INFO: [ view_parse ] --END-- [ RunTime:0.032660s ]
INFO: [ view_filter ] --START--
INFO: Run Behavior\WriteHtmlCacheBehavior [ RunTime:0.002777s ]
INFO: [ view_filter ] --END-- [ RunTime:0.002965s ]
INFO: [ app_end ] --START--
INFO: Run Behavior\ShowPageTraceBehavior [ RunTime:0.003417s ]
INFO: [ app_end ] --END-- [ RunTime:0.003609s ]

[ 2017-09-27T20:21:44+08:00 ] ::1 /tp3a/index.php/Home/AuthInfo/editUser/id/1.html
INFO: [ app_init ] --START--
INFO: Run Behavior\BuildLiteBehavior [ RunTime:0.000089s ]
INFO: [ app_init ] --END-- [ RunTime:0.002945s ]
INFO: [ app_begin ] --START--
INFO: Run Behavior\ReadHtmlCacheBehavior [ RunTime:0.003500s ]
INFO: [ app_begin ] --END-- [ RunTime:0.003746s ]
SQL: SHOW COLUMNS FROM `think_user` [ RunTime:0.0175s ]
SQL: SELECT `id`,`username`,`status` FROM `think_user` WHERE `id` = 1  [ RunTime:0.0014s ]
SQL: SHOW COLUMNS FROM `think_auth_group_access` [ RunTime:0.0237s ]
SQL: SELECT * FROM `think_auth_group_access`  [ RunTime:0.0023s ]
NOTIC: [2] Illegal offset type C:\xampp\htdocs\tp3a\Application\Home\Common\function.php 第 10 行.
NOTIC: [8] Undefined index: id C:\xampp\htdocs\tp3a\Application\Home\Common\function.php 第 10 行.
NOTIC: [2] Illegal offset type C:\xampp\htdocs\tp3a\Application\Home\Common\function.php 第 10 行.
NOTIC: [8] Undefined index: id C:\xampp\htdocs\tp3a\Application\Home\Common\function.php 第 10 行.
INFO: [ view_parse ] --START--
INFO: [ template_filter ] --START--
INFO: Run Behavior\ContentReplaceBehavior [ RunTime:0.000158s ]
INFO: [ template_filter ] --END-- [ RunTime:0.000367s ]
NOTIC: [8] Undefined index: password C:\xampp\htdocs\tp3a\Application\Runtime\Cache\Home\057da2ac4b6eb09a73e397f6fa339515.php 第 15 行.
NOTIC: [8] Undefined index: password C:\xampp\htdocs\tp3a\Application\Runtime\Cache\Home\057da2ac4b6eb09a73e397f6fa339515.php 第 18 行.
NOTIC: [8] Undefined variable: userList C:\xampp\htdocs\tp3a\Application\Runtime\Cache\Home\057da2ac4b6eb09a73e397f6fa339515.php 第 24 行.
NOTIC: [8] Undefined variable: userList C:\xampp\htdocs\tp3a\Application\Runtime\Cache\Home\057da2ac4b6eb09a73e397f6fa339515.php 第 27 行.
NOTIC: [8] Undefined index: id C:\xampp\htdocs\tp3a\Application\Runtime\Cache\Home\057da2ac4b6eb09a73e397f6fa339515.php 第 35 行.
NOTIC: [8] Undefined index: groupOk C:\xampp\htdocs\tp3a\Application\Runtime\Cache\Home\057da2ac4b6eb09a73e397f6fa339515.php 第 36 行.
NOTIC: [8] Undefined index: title C:\xampp\htdocs\tp3a\Application\Runtime\Cache\Home\057da2ac4b6eb09a73e397f6fa339515.php 第 37 行.
NOTIC: [8] Undefined index: id C:\xampp\htdocs\tp3a\Application\Runtime\Cache\Home\057da2ac4b6eb09a73e397f6fa339515.php 第 35 行.
NOTIC: [8] Undefined index: groupOk C:\xampp\htdocs\tp3a\Application\Runtime\Cache\Home\057da2ac4b6eb09a73e397f6fa339515.php 第 36 行.
NOTIC: [8] Undefined index: title C:\xampp\htdocs\tp3a\Application\Runtime\Cache\Home\057da2ac4b6eb09a73e397f6fa339515.php 第 37 行.
INFO: Run Behavior\ParseTemplateBehavior [ RunTime:0.034360s ]
INFO: [ view_parse ] --END-- [ RunTime:0.034573s ]
INFO: [ view_filter ] --START--
INFO: Run Behavior\WriteHtmlCacheBehavior [ RunTime:0.003158s ]
INFO: [ view_filter ] --END-- [ RunTime:0.003369s ]
INFO: [ app_end ] --START--
INFO: Run Behavior\ShowPageTraceBehavior [ RunTime:0.003675s ]
INFO: [ app_end ] --END-- [ RunTime:0.003884s ]

